2024-05-30 12:10:26.855 [info] Reading sessions from keychain...
2024-05-30 12:10:26.855 [info] Getting sessions for all scopes...
2024-05-30 12:10:26.855 [info] Got 0 sessions for ...
2024-05-30 12:10:26.855 [info] Getting sessions for all scopes...
2024-05-30 12:10:26.855 [info] Got 0 sessions for ...
2024-05-30 12:10:26.858 [info] Getting sessions for read:user,repo,user:email,workflow...
2024-05-30 12:10:26.858 [info] Got 0 sessions for read:user,repo,user:email,workflow...
2024-05-30 12:10:26.870 [info] Getting sessions for read:user...
2024-05-30 12:10:26.870 [info] Got 0 sessions for read:user...
2024-05-30 12:10:26.875 [info] Getting sessions for user:email...
2024-05-30 12:10:26.875 [info] Got 0 sessions for user:email...
2024-05-30 12:10:27.209 [info] Getting sessions for read:user,repo,user:email,workflow...
2024-05-30 12:10:27.209 [info] Got 0 sessions for read:user,repo,user:email,workflow...
2024-05-30 12:10:27.224 [info] Getting sessions for read:user...
2024-05-30 12:10:27.224 [info] Got 0 sessions for read:user...
2024-05-30 12:10:27.238 [info] Getting sessions for user:email...
2024-05-30 12:10:27.238 [info] Got 0 sessions for user:email...
2024-05-30 12:10:27.279 [info] Getting sessions for read:user,repo,user:email,workflow...
2024-05-30 12:10:27.279 [info] Got 0 sessions for read:user,repo,user:email,workflow...
2024-05-30 12:10:27.292 [info] Getting sessions for read:user...
2024-05-30 12:10:27.292 [info] Got 0 sessions for read:user...
2024-05-30 12:10:27.296 [info] Getting sessions for user:email...
2024-05-30 12:10:27.296 [info] Got 0 sessions for user:email...
2024-05-30 12:10:39.688 [info] Reading sessions from keychain...
2024-05-30 12:10:39.688 [info] Getting sessions for all scopes...
2024-05-30 12:10:39.688 [info] Got 0 sessions for ...
2024-05-30 12:10:39.688 [info] Getting sessions for all scopes...
2024-05-30 12:10:39.688 [info] Got 0 sessions for ...
2024-05-30 12:10:39.688 [info] Getting sessions for read:user,repo,user:email,workflow...
2024-05-30 12:10:39.688 [info] Got 0 sessions for read:user,repo,user:email,workflow...
2024-05-30 12:10:39.689 [info] Getting sessions for read:user...
2024-05-30 12:10:39.689 [info] Got 0 sessions for read:user...
2024-05-30 12:10:39.690 [info] Getting sessions for user:email...
2024-05-30 12:10:39.690 [info] Got 0 sessions for user:email...
2024-05-30 12:10:40.215 [info] Getting sessions for read:user,repo,user:email,workflow...
2024-05-30 12:10:40.215 [info] Got 0 sessions for read:user,repo,user:email,workflow...
2024-05-30 12:10:40.217 [info] Getting sessions for read:user...
2024-05-30 12:10:40.217 [info] Got 0 sessions for read:user...
2024-05-30 12:10:40.218 [info] Getting sessions for user:email...
2024-05-30 12:10:40.218 [info] Got 0 sessions for user:email...
2024-05-30 12:10:40.240 [info] Getting sessions for read:user,repo,user:email,workflow...
2024-05-30 12:10:40.241 [info] Got 0 sessions for read:user,repo,user:email,workflow...
2024-05-30 12:10:40.242 [info] Getting sessions for read:user...
2024-05-30 12:10:40.242 [info] Got 0 sessions for read:user...
2024-05-30 12:10:40.248 [info] Getting sessions for user:email...
2024-05-30 12:10:40.248 [info] Got 0 sessions for user:email...
