2024-05-30 19:48:09.385 [info] Reading sessions from keychain...
2024-05-30 19:48:09.385 [info] Getting sessions for all scopes...
2024-05-30 19:48:09.385 [info] Got 0 sessions for ...
2024-05-30 19:48:09.385 [info] Getting sessions for all scopes...
2024-05-30 19:48:09.385 [info] Got 0 sessions for ...
2024-05-30 19:48:09.385 [info] Getting sessions for read:user,repo,user:email,workflow...
2024-05-30 19:48:09.385 [info] Got 0 sessions for read:user,repo,user:email,workflow...
2024-05-30 19:48:09.386 [info] Getting sessions for read:user...
2024-05-30 19:48:09.386 [info] Got 0 sessions for read:user...
2024-05-30 19:48:09.394 [info] Getting sessions for user:email...
2024-05-30 19:48:09.394 [info] Got 0 sessions for user:email...
2024-05-30 19:48:11.027 [info] Getting sessions for read:user,repo,user:email,workflow...
2024-05-30 19:48:11.027 [info] Got 0 sessions for read:user,repo,user:email,workflow...
2024-05-30 19:48:12.369 [info] Getting sessions for read:user...
2024-05-30 19:48:12.370 [info] Got 0 sessions for read:user...
2024-05-30 19:48:12.683 [info] Getting sessions for user:email...
2024-05-30 19:48:12.683 [info] Got 0 sessions for user:email...
2024-05-30 19:48:12.707 [info] Getting sessions for read:user,repo,user:email,workflow...
2024-05-30 19:48:12.707 [info] Got 0 sessions for read:user,repo,user:email,workflow...
2024-05-30 19:48:12.782 [info] Getting sessions for read:user...
2024-05-30 19:48:12.783 [info] Got 0 sessions for read:user...
2024-05-30 19:48:12.786 [info] Getting sessions for user:email...
2024-05-30 19:48:12.786 [info] Got 0 sessions for user:email...
2024-05-30 19:48:38.139 [info] Reading sessions from keychain...
2024-05-30 19:48:38.139 [info] Getting sessions for all scopes...
2024-05-30 19:48:38.139 [info] Got 0 sessions for ...
2024-05-30 19:48:38.139 [info] Getting sessions for all scopes...
2024-05-30 19:48:38.139 [info] Got 0 sessions for ...
2024-05-30 19:48:38.139 [info] Getting sessions for read:user,repo,user:email,workflow...
2024-05-30 19:48:38.139 [info] Got 0 sessions for read:user,repo,user:email,workflow...
2024-05-30 19:48:38.170 [info] Getting sessions for read:user...
2024-05-30 19:48:38.170 [info] Got 0 sessions for read:user...
2024-05-30 19:48:38.173 [info] Getting sessions for user:email...
2024-05-30 19:48:38.173 [info] Got 0 sessions for user:email...
2024-05-30 19:48:38.551 [info] Getting sessions for read:user,repo,user:email,workflow...
2024-05-30 19:48:38.551 [info] Got 0 sessions for read:user,repo,user:email,workflow...
2024-05-30 19:48:38.673 [info] Getting sessions for read:user,repo,user:email,workflow...
2024-05-30 19:48:38.673 [info] Got 0 sessions for read:user,repo,user:email,workflow...
2024-05-30 19:48:38.885 [info] Getting sessions for read:user...
2024-05-30 19:48:38.885 [info] Got 0 sessions for read:user...
2024-05-30 19:48:38.887 [info] Getting sessions for user:email...
2024-05-30 19:48:38.887 [info] Got 0 sessions for user:email...
2024-05-30 19:48:38.956 [info] Getting sessions for read:user,repo,user:email,workflow...
2024-05-30 19:48:38.956 [info] Got 0 sessions for read:user,repo,user:email,workflow...
2024-05-30 19:48:38.973 [info] Getting sessions for read:user...
2024-05-30 19:48:38.973 [info] Got 0 sessions for read:user...
2024-05-30 19:48:39.024 [info] Getting sessions for user:email...
2024-05-30 19:48:39.024 [info] Got 0 sessions for user:email...
