2024-05-30 12:10:24.872 [info] Log level: Info
2024-05-30 12:10:24.872 [info] Validating found git in: "git"
2024-05-30 12:10:24.872 [info] Using git "2.25.1" from "git"
2024-05-30 12:10:39.628 [info] Log level: Info
2024-05-30 12:10:39.628 [info] Validating found git in: "git"
2024-05-30 12:10:39.628 [info] Using git "2.25.1" from "git"
2024-05-30 12:10:39.628 [info] > git rev-parse --show-toplevel [41ms]
2024-05-30 12:10:39.628 [info] fatal: not a git repository (or any of the parent directories): .git
2024-05-30 12:10:39.671 [info] > git rev-parse --show-toplevel [37ms]
2024-05-30 12:10:39.671 [info] fatal: not a git repository (or any of the parent directories): .git
2024-05-30 12:10:39.684 [info] > git rev-parse --show-toplevel [2ms]
2024-05-30 12:10:39.684 [info] fatal: not a git repository (or any of the parent directories): .git
2024-05-30 12:10:40.527 [info] > git rev-parse --show-toplevel [12ms]
2024-05-30 12:10:40.527 [info] fatal: not a git repository (or any of the parent directories): .git
2024-05-30 12:11:42.231 [info] > git rev-parse --show-toplevel [14ms]
2024-05-30 12:11:42.231 [info] fatal: not a git repository (or any of the parent directories): .git
2024-05-30 12:11:52.036 [info] > git rev-parse --show-toplevel [15ms]
2024-05-30 12:11:52.036 [info] fatal: not a git repository (or any of the parent directories): .git
2024-05-30 12:11:58.221 [info] > git rev-parse --show-toplevel [20ms]
2024-05-30 12:11:58.221 [info] fatal: not a git repository (or any of the parent directories): .git
2024-05-30 12:14:19.397 [info] > git rev-parse --show-toplevel [4ms]
2024-05-30 12:14:19.397 [info] fatal: not a git repository (or any of the parent directories): .git
2024-05-30 12:16:53.046 [info] > git rev-parse --show-toplevel [9ms]
2024-05-30 12:16:53.048 [info] fatal: not a git repository (or any of the parent directories): .git
2024-05-30 12:18:12.906 [info] > git rev-parse --show-toplevel [3ms]
2024-05-30 12:18:12.930 [info] > git rev-parse --git-dir --git-common-dir [2ms]
2024-05-30 12:18:12.960 [info] Open repository: /home/swap/Desktop/employee-management/employee-management-frontend
2024-05-30 12:18:13.011 [info] No remotes found in the git config file.
2024-05-30 12:18:13.014 [info] > git config --get commit.template [21ms]
2024-05-30 12:18:13.022 [info] > git for-each-ref --format=%(refname)%00%(upstream:short)%00%(objectname)%00%(upstream:track)%00%(upstream:remotename)%00%(upstream:remoteref) refs/heads/master refs/remotes/master [12ms]
2024-05-30 12:18:13.063 [info] > git status -z -uall [17ms]
2024-05-30 12:18:13.132 [info] No remotes found in the git config file.
2024-05-30 12:18:13.133 [info] > git config --get commit.template [35ms]
2024-05-30 12:18:13.144 [info] > git for-each-ref --format=%(refname)%00%(upstream:short)%00%(objectname)%00%(upstream:track)%00%(upstream:remotename)%00%(upstream:remoteref) refs/heads/master refs/remotes/master [13ms]
2024-05-30 12:18:13.163 [info] > git status -z -uall [8ms]
2024-05-30 12:18:13.566 [info] > git check-ignore -v -z --stdin [2ms]
2024-05-30 12:20:04.598 [info] No remotes found in the git config file.
2024-05-30 12:20:04.609 [info] > git config --get commit.template [52ms]
2024-05-30 12:20:04.615 [info] > git for-each-ref --format=%(refname)%00%(upstream:short)%00%(objectname)%00%(upstream:track)%00%(upstream:remotename)%00%(upstream:remoteref) refs/heads/master refs/remotes/master [17ms]
2024-05-30 12:20:04.700 [info] > git status -z -uall [45ms]
2024-05-30 12:20:18.257 [info] No remotes found in the git config file.
2024-05-30 12:20:18.265 [info] > git config --get commit.template [180ms]
2024-05-30 12:20:18.314 [info] > git for-each-ref --format=%(refname)%00%(upstream:short)%00%(objectname)%00%(upstream:track)%00%(upstream:remotename)%00%(upstream:remoteref) refs/heads/master refs/remotes/master [57ms]
2024-05-30 12:20:18.719 [info] > git status -z -uall [144ms]
2024-05-30 12:20:23.846 [info] No remotes found in the git config file.
2024-05-30 12:20:23.846 [info] > git config --get commit.template [9ms]
2024-05-30 12:20:23.847 [info] > git for-each-ref --format=%(refname)%00%(upstream:short)%00%(objectname)%00%(upstream:track)%00%(upstream:remotename)%00%(upstream:remoteref) refs/heads/master refs/remotes/master [2ms]
2024-05-30 12:20:23.857 [info] > git status -z -uall [2ms]
2024-05-30 12:20:58.397 [info] > git check-ignore -v -z --stdin [2ms]
2024-05-30 12:20:59.872 [info] > git check-ignore -v -z --stdin [2ms]
2024-05-30 12:21:00.943 [info] > git check-ignore -v -z --stdin [3ms]
2024-05-30 12:23:10.211 [info] No remotes found in the git config file.
2024-05-30 12:23:10.215 [info] > git for-each-ref --format=%(refname)%00%(upstream:short)%00%(objectname)%00%(upstream:track)%00%(upstream:remotename)%00%(upstream:remoteref) refs/heads/master refs/remotes/master [13ms]
2024-05-30 12:23:10.216 [info] > git config --get commit.template [29ms]
2024-05-30 12:23:10.228 [info] > git status -z -uall [1ms]
2024-05-30 12:23:23.316 [info] > git check-ignore -v -z --stdin [2ms]
2024-05-30 12:23:24.303 [info] > git check-ignore -v -z --stdin [3ms]
2024-05-30 12:23:49.248 [info] > git show --textconv :angular.json [246ms]
2024-05-30 12:23:49.383 [info] > git ls-files --stage -- /home/swap/Desktop/employee-management/employee-management-frontend/angular.json [363ms]
2024-05-30 12:23:49.424 [info] > git cat-file -s c2e6141461961f5019d5e72c8094cdf2ad5df81c [27ms]
2024-05-30 12:24:31.711 [info] No remotes found in the git config file.
2024-05-30 12:24:31.743 [info] > git for-each-ref --format=%(refname)%00%(upstream:short)%00%(objectname)%00%(upstream:track)%00%(upstream:remotename)%00%(upstream:remoteref) refs/heads/master refs/remotes/master [52ms]
2024-05-30 12:24:31.744 [info] > git config --get commit.template [68ms]
2024-05-30 12:24:31.812 [info] > git status -z -uall [48ms]
2024-05-30 12:25:28.942 [info] > git check-ignore -v -z --stdin [15ms]
2024-05-30 12:27:08.544 [info] > git check-ignore -v -z --stdin [38ms]
2024-05-30 12:28:01.258 [info] > git check-ignore -v -z --stdin [13ms]
2024-05-30 12:28:15.833 [info] > git rev-parse --show-toplevel [36ms]
2024-05-30 12:28:15.835 [info] fatal: not a git repository (or any of the parent directories): .git
2024-05-30 12:28:31.472 [info] > git check-ignore -v -z --stdin [25ms]
2024-05-30 12:28:44.910 [info] > git show --textconv :src/app/services/employee.service.ts [5468ms]
2024-05-30 12:28:44.979 [info] > git ls-files --stage -- /home/swap/Desktop/employee-management/employee-management-frontend/src/app/services/employee.service.ts [5667ms]
2024-05-30 12:30:57.993 [info] > git check-ignore -v -z --stdin [3ms]
2024-05-30 12:31:04.493 [info] > git show --textconv :src/app/services/employee.model.ts [11ms]
2024-05-30 12:31:04.499 [info] > git ls-files --stage -- /home/swap/Desktop/employee-management/employee-management-frontend/src/app/services/employee.model.ts [7ms]
2024-05-30 12:31:09.985 [info] > git show --textconv :src/app/services/employee.service.ts [13ms]
2024-05-30 12:31:09.992 [info] > git ls-files --stage -- /home/swap/Desktop/employee-management/employee-management-frontend/src/app/services/employee.service.ts [8ms]
2024-05-30 12:32:04.407 [info] > git show --textconv :src/app/services/employee.model.ts [24ms]
2024-05-30 12:32:04.408 [info] > git ls-files --stage -- /home/swap/Desktop/employee-management/employee-management-frontend/src/app/services/employee.model.ts [5ms]
2024-05-30 12:32:48.599 [info] > git check-ignore -v -z --stdin [1ms]
2024-05-30 12:32:52.083 [info] > git show --textconv :src/app/components/employee-list/employee-list.component.ts [9ms]
2024-05-30 12:32:52.087 [info] > git ls-files --stage -- /home/swap/Desktop/employee-management/employee-management-frontend/src/app/components/employee-list/employee-list.component.ts [4ms]
2024-05-30 12:34:01.242 [info] > git show --textconv :src/app/services/employee.service.ts [31ms]
2024-05-30 12:34:01.246 [info] > git ls-files --stage -- /home/swap/Desktop/employee-management/employee-management-frontend/src/app/services/employee.service.ts [5ms]
2024-05-30 12:34:26.712 [info] > git show --textconv :src/app/services/employee.model.ts [8ms]
2024-05-30 12:34:26.714 [info] > git ls-files --stage -- /home/swap/Desktop/employee-management/employee-management-frontend/src/app/services/employee.model.ts [3ms]
2024-05-30 12:34:29.395 [info] > git show --textconv :src/app/components/employee-list/employee-list.component.ts [13ms]
2024-05-30 12:34:29.397 [info] > git ls-files --stage -- /home/swap/Desktop/employee-management/employee-management-frontend/src/app/components/employee-list/employee-list.component.ts [3ms]
2024-05-30 12:34:53.017 [info] > git check-ignore -v -z --stdin [3ms]
2024-05-30 12:34:56.722 [info] > git show --textconv :src/app/components/employee-create/employee-create.component.ts [25ms]
2024-05-30 12:34:56.727 [info] > git ls-files --stage -- /home/swap/Desktop/employee-management/employee-management-frontend/src/app/components/employee-create/employee-create.component.ts [15ms]
2024-05-30 12:35:33.536 [info] > git show --textconv :src/app/services/employee.service.ts [21ms]
2024-05-30 12:35:33.536 [info] > git ls-files --stage -- /home/swap/Desktop/employee-management/employee-management-frontend/src/app/services/employee.service.ts [13ms]
2024-05-30 12:35:36.356 [info] > git show --textconv :src/app/components/employee-list/employee-list.component.ts [17ms]
2024-05-30 12:35:36.363 [info] > git ls-files --stage -- /home/swap/Desktop/employee-management/employee-management-frontend/src/app/components/employee-list/employee-list.component.ts [9ms]
2024-05-30 12:35:38.268 [info] > git show --textconv :src/app/components/employee-create/employee-create.component.ts [19ms]
2024-05-30 12:35:38.282 [info] > git ls-files --stage -- /home/swap/Desktop/employee-management/employee-management-frontend/src/app/components/employee-create/employee-create.component.ts [15ms]
2024-05-30 12:37:03.162 [info] > git check-ignore -v -z --stdin [1ms]
2024-05-30 12:37:04.284 [info] > git show --textconv :src/app/components/employee-edit/employee-edit.component.ts [18ms]
2024-05-30 12:37:04.286 [info] > git ls-files --stage -- /home/swap/Desktop/employee-management/employee-management-frontend/src/app/components/employee-edit/employee-edit.component.ts [3ms]
2024-05-30 12:37:09.428 [info] > git show --textconv :src/app/components/employee-create/employee-create.component.ts [13ms]
2024-05-30 12:37:09.432 [info] > git ls-files --stage -- /home/swap/Desktop/employee-management/employee-management-frontend/src/app/components/employee-create/employee-create.component.ts [8ms]
2024-05-30 12:37:12.724 [info] > git show --textconv :src/app/components/employee-edit/employee-edit.component.ts [20ms]
2024-05-30 12:37:12.734 [info] > git ls-files --stage -- /home/swap/Desktop/employee-management/employee-management-frontend/src/app/components/employee-edit/employee-edit.component.ts [11ms]
2024-05-30 12:37:23.446 [info] > git check-ignore -v -z --stdin [2ms]
2024-05-30 12:37:24.766 [info] > git show --textconv :src/app/components/dashboard/dashboard.component.ts [13ms]
2024-05-30 12:37:24.773 [info] > git ls-files --stage -- /home/swap/Desktop/employee-management/employee-management-frontend/src/app/components/dashboard/dashboard.component.ts [9ms]
2024-05-30 12:37:28.975 [info] > git show --textconv :src/app/components/employee-edit/employee-edit.component.ts [1ms]
2024-05-30 12:37:28.988 [info] > git ls-files --stage -- /home/swap/Desktop/employee-management/employee-management-frontend/src/app/components/employee-edit/employee-edit.component.ts [2ms]
2024-05-30 12:37:32.135 [info] > git show --textconv :src/app/components/dashboard/dashboard.component.ts [10ms]
2024-05-30 12:37:32.137 [info] > git ls-files --stage -- /home/swap/Desktop/employee-management/employee-management-frontend/src/app/components/dashboard/dashboard.component.ts [3ms]
2024-05-30 12:37:50.411 [info] > git show --textconv :src/app/app-routing.module.ts [37ms]
2024-05-30 12:37:50.427 [info] > git ls-files --stage -- /home/swap/Desktop/employee-management/employee-management-frontend/src/app/app-routing.module.ts [17ms]
2024-05-30 12:37:50.455 [info] > git cat-file -s 02972627f8df364102ce4ede71c8bd5f3660e1d8 [11ms]
2024-05-30 12:37:55.089 [info] > git show --textconv :src/app/components/dashboard/dashboard.component.ts [18ms]
2024-05-30 12:37:55.101 [info] > git ls-files --stage -- /home/swap/Desktop/employee-management/employee-management-frontend/src/app/components/dashboard/dashboard.component.ts [12ms]
2024-05-30 12:37:58.656 [info] > git show --textconv :src/app/app-routing.module.ts [11ms]
2024-05-30 12:37:58.660 [info] > git ls-files --stage -- /home/swap/Desktop/employee-management/employee-management-frontend/src/app/app-routing.module.ts [5ms]
2024-05-30 12:37:58.679 [info] > git cat-file -s 02972627f8df364102ce4ede71c8bd5f3660e1d8 [10ms]
2024-05-30 12:38:01.228 [info] > git show --textconv :src/app/components/dashboard/dashboard.component.ts [8ms]
2024-05-30 12:38:01.230 [info] > git ls-files --stage -- /home/swap/Desktop/employee-management/employee-management-frontend/src/app/components/dashboard/dashboard.component.ts [2ms]
2024-05-30 12:38:10.991 [info] > git show --textconv :src/app/app.module.ts [12ms]
2024-05-30 12:38:10.994 [info] > git ls-files --stage -- /home/swap/Desktop/employee-management/employee-management-frontend/src/app/app.module.ts [4ms]
2024-05-30 12:38:11.009 [info] > git cat-file -s b1c6c96a9de8f091f39b3b8feb7e29cfcfb1ed81 [2ms]
2024-05-30 12:38:28.751 [info] > git show --textconv :src/app/app.component.html [35ms]
2024-05-30 12:38:28.761 [info] > git ls-files --stage -- /home/swap/Desktop/employee-management/employee-management-frontend/src/app/app.component.html [11ms]
2024-05-30 12:38:28.789 [info] > git cat-file -s 2a0fbf18f85102cf57069c7da940f6a0d4de6101 [12ms]
2024-05-30 12:38:41.805 [info] > git show --textconv :src/app/components/employee-list/employee-list.component.html [16ms]
2024-05-30 12:38:41.806 [info] > git ls-files --stage -- /home/swap/Desktop/employee-management/employee-management-frontend/src/app/components/employee-list/employee-list.component.html [3ms]
2024-05-30 12:39:02.354 [info] > git show --textconv :src/app/components/employee-create/employee-create.component.css [75ms]
2024-05-30 12:39:02.388 [info] > git ls-files --stage -- /home/swap/Desktop/employee-management/employee-management-frontend/src/app/components/employee-create/employee-create.component.css [37ms]
2024-05-30 12:39:03.047 [info] > git show --textconv :src/app/components/employee-create/employee-create.component.html [15ms]
2024-05-30 12:39:03.051 [info] > git ls-files --stage -- /home/swap/Desktop/employee-management/employee-management-frontend/src/app/components/employee-create/employee-create.component.html [4ms]
2024-05-30 12:39:11.756 [info] > git show --textconv :src/app/components/employee-edit/employee-edit.component.html [10ms]
2024-05-30 12:39:11.762 [info] > git ls-files --stage -- /home/swap/Desktop/employee-management/employee-management-frontend/src/app/components/employee-edit/employee-edit.component.html [6ms]
2024-05-30 12:39:37.931 [info] > git show --textconv :src/app/components/dashboard/dashboard.component.html [14ms]
2024-05-30 12:39:37.941 [info] > git ls-files --stage -- /home/swap/Desktop/employee-management/employee-management-frontend/src/app/components/dashboard/dashboard.component.html [11ms]
2024-05-30 12:39:46.465 [info] > git show --textconv :src/app/components/employee-list/employee-list.component.html [10ms]
2024-05-30 12:39:46.470 [info] > git ls-files --stage -- /home/swap/Desktop/employee-management/employee-management-frontend/src/app/components/employee-list/employee-list.component.html [5ms]
2024-05-30 12:40:42.113 [info] > git check-ignore -v -z --stdin [37ms]
2024-05-30 12:40:42.322 [info] No remotes found in the git config file.
2024-05-30 12:40:42.324 [info] > git config --get commit.template [23ms]
2024-05-30 12:40:42.376 [info] > git for-each-ref --format=%(refname)%00%(upstream:short)%00%(objectname)%00%(upstream:track)%00%(upstream:remotename)%00%(upstream:remoteref) refs/heads/master refs/remotes/master [54ms]
2024-05-30 12:40:42.417 [info] > git status -z -uall [22ms]
2024-05-30 12:40:49.282 [info] No remotes found in the git config file.
2024-05-30 12:40:49.283 [info] > git config --get commit.template [12ms]
2024-05-30 12:40:49.286 [info] > git for-each-ref --format=%(refname)%00%(upstream:short)%00%(objectname)%00%(upstream:track)%00%(upstream:remotename)%00%(upstream:remoteref) refs/heads/master refs/remotes/master [4ms]
2024-05-30 12:40:49.311 [info] > git status -z -uall [15ms]
2024-05-30 12:41:00.368 [info] No remotes found in the git config file.
2024-05-30 12:41:00.369 [info] > git config --get commit.template [28ms]
2024-05-30 12:41:00.370 [info] > git for-each-ref --format=%(refname)%00%(upstream:short)%00%(objectname)%00%(upstream:track)%00%(upstream:remotename)%00%(upstream:remoteref) refs/heads/master refs/remotes/master [12ms]
2024-05-30 12:41:00.401 [info] > git status -z -uall [8ms]
2024-05-30 12:41:06.525 [info] No remotes found in the git config file.
2024-05-30 12:41:06.528 [info] > git for-each-ref --format=%(refname)%00%(upstream:short)%00%(objectname)%00%(upstream:track)%00%(upstream:remotename)%00%(upstream:remoteref) refs/heads/master refs/remotes/master [4ms]
2024-05-30 12:41:06.531 [info] > git config --get commit.template [32ms]
2024-05-30 12:41:06.564 [info] > git status -z -uall [15ms]
2024-05-30 12:42:15.658 [info] > git show --textconv :src/app/components/employee-list/employee-list.component.ts [61ms]
2024-05-30 12:42:15.661 [info] > git ls-files --stage -- /home/swap/Desktop/employee-management/employee-management-frontend/src/app/components/employee-list/employee-list.component.ts [18ms]
2024-05-30 12:42:31.241 [info] > git show --textconv :src/app/components/employee-list/employee-list.component.html [26ms]
2024-05-30 12:42:31.247 [info] > git ls-files --stage -- /home/swap/Desktop/employee-management/employee-management-frontend/src/app/components/employee-list/employee-list.component.html [9ms]
2024-05-30 12:42:34.816 [info] > git show --textconv :src/app/components/employee-create/employee-create.component.html [17ms]
2024-05-30 12:42:34.827 [info] > git ls-files --stage -- /home/swap/Desktop/employee-management/employee-management-frontend/src/app/components/employee-create/employee-create.component.html [12ms]
2024-05-30 12:42:37.003 [info] > git show --textconv :src/app/components/employee-edit/employee-edit.component.html [35ms]
2024-05-30 12:42:37.004 [info] > git ls-files --stage -- /home/swap/Desktop/employee-management/employee-management-frontend/src/app/components/employee-edit/employee-edit.component.html [8ms]
2024-05-30 12:43:24.637 [info] > git show --textconv :src/app/components/employee-list/employee-list.component.html [26ms]
2024-05-30 12:43:24.766 [info] > git ls-files --stage -- /home/swap/Desktop/employee-management/employee-management-frontend/src/app/components/employee-list/employee-list.component.html [143ms]
2024-05-30 12:44:22.515 [info] No remotes found in the git config file.
2024-05-30 12:44:22.526 [info] > git config --get commit.template [42ms]
2024-05-30 12:44:22.534 [info] > git for-each-ref --format=%(refname)%00%(upstream:short)%00%(objectname)%00%(upstream:track)%00%(upstream:remotename)%00%(upstream:remoteref) refs/heads/master refs/remotes/master [14ms]
2024-05-30 12:44:22.569 [info] > git status -z -uall [27ms]
2024-05-30 12:44:27.305 [info] > git show --textconv :src/app/components/employee-create/employee-create.component.html [27ms]
2024-05-30 12:44:27.309 [info] > git ls-files --stage -- /home/swap/Desktop/employee-management/employee-management-frontend/src/app/components/employee-create/employee-create.component.html [12ms]
2024-05-30 12:44:30.811 [info] > git show --textconv :src/app/components/employee-list/employee-list.component.html [9ms]
2024-05-30 12:44:30.813 [info] > git ls-files --stage -- /home/swap/Desktop/employee-management/employee-management-frontend/src/app/components/employee-list/employee-list.component.html [4ms]
2024-05-30 12:44:45.703 [info] > git show --textconv :src/app/components/employee-create/employee-create.component.html [14ms]
2024-05-30 12:44:45.706 [info] > git ls-files --stage -- /home/swap/Desktop/employee-management/employee-management-frontend/src/app/components/employee-create/employee-create.component.html [4ms]
2024-05-30 12:45:17.264 [info] No remotes found in the git config file.
2024-05-30 12:45:17.266 [info] > git config --get commit.template [12ms]
2024-05-30 12:45:17.269 [info] > git for-each-ref --format=%(refname)%00%(upstream:short)%00%(objectname)%00%(upstream:track)%00%(upstream:remotename)%00%(upstream:remoteref) refs/heads/master refs/remotes/master [5ms]
2024-05-30 12:45:17.292 [info] > git status -z -uall [15ms]
2024-05-30 12:45:21.535 [info] > git show --textconv :src/app/components/employee-edit/employee-edit.component.html [27ms]
2024-05-30 12:45:21.538 [info] > git ls-files --stage -- /home/swap/Desktop/employee-management/employee-management-frontend/src/app/components/employee-edit/employee-edit.component.html [5ms]
2024-05-30 12:45:28.573 [info] No remotes found in the git config file.
2024-05-30 12:45:28.574 [info] > git config --get commit.template [31ms]
2024-05-30 12:45:28.589 [info] > git for-each-ref --format=%(refname)%00%(upstream:short)%00%(objectname)%00%(upstream:track)%00%(upstream:remotename)%00%(upstream:remoteref) refs/heads/master refs/remotes/master [16ms]
2024-05-30 12:45:28.638 [info] > git status -z -uall [14ms]
2024-05-30 12:45:33.499 [info] > git show --textconv :src/app/components/employee-create/employee-create.component.html [41ms]
2024-05-30 12:45:33.513 [info] > git ls-files --stage -- /home/swap/Desktop/employee-management/employee-management-frontend/src/app/components/employee-create/employee-create.component.html [15ms]
2024-05-30 12:45:46.226 [info] No remotes found in the git config file.
2024-05-30 12:45:46.229 [info] > git config --get commit.template [49ms]
2024-05-30 12:45:46.235 [info] > git for-each-ref --format=%(refname)%00%(upstream:short)%00%(objectname)%00%(upstream:track)%00%(upstream:remotename)%00%(upstream:remoteref) refs/heads/master refs/remotes/master [10ms]
2024-05-30 12:45:46.271 [info] > git status -z -uall [25ms]
2024-05-30 12:45:56.664 [info] > git show --textconv :src/app/components/employee-edit/employee-edit.component.html [19ms]
2024-05-30 12:45:56.678 [info] > git ls-files --stage -- /home/swap/Desktop/employee-management/employee-management-frontend/src/app/components/employee-edit/employee-edit.component.html [15ms]
2024-05-30 12:46:09.172 [info] > git show --textconv :src/app/components/employee-create/employee-create.component.html [14ms]
2024-05-30 12:46:09.176 [info] > git ls-files --stage -- /home/swap/Desktop/employee-management/employee-management-frontend/src/app/components/employee-create/employee-create.component.html [7ms]
2024-05-30 12:46:10.535 [info] > git show --textconv :src/app/components/employee-edit/employee-edit.component.html [11ms]
2024-05-30 12:46:10.543 [info] > git ls-files --stage -- /home/swap/Desktop/employee-management/employee-management-frontend/src/app/components/employee-edit/employee-edit.component.html [9ms]
2024-05-30 12:46:11.989 [info] > git show --textconv :src/app/components/employee-create/employee-create.component.html [17ms]
2024-05-30 12:46:11.994 [info] > git ls-files --stage -- /home/swap/Desktop/employee-management/employee-management-frontend/src/app/components/employee-create/employee-create.component.html [6ms]
2024-05-30 12:46:51.726 [info] > git show --textconv :src/app/components/employee-edit/employee-edit.component.html [28ms]
2024-05-30 12:46:51.728 [info] > git ls-files --stage -- /home/swap/Desktop/employee-management/employee-management-frontend/src/app/components/employee-edit/employee-edit.component.html [3ms]
2024-05-30 12:46:53.159 [info] No remotes found in the git config file.
2024-05-30 12:46:53.159 [info] > git config --get commit.template [8ms]
2024-05-30 12:46:53.162 [info] > git for-each-ref --format=%(refname)%00%(upstream:short)%00%(objectname)%00%(upstream:track)%00%(upstream:remotename)%00%(upstream:remoteref) refs/heads/master refs/remotes/master [4ms]
2024-05-30 12:46:53.176 [info] > git status -z -uall [6ms]
2024-05-30 12:46:58.561 [info] No remotes found in the git config file.
2024-05-30 12:46:58.564 [info] > git config --get commit.template [11ms]
2024-05-30 12:46:58.564 [info] > git for-each-ref --format=%(refname)%00%(upstream:short)%00%(objectname)%00%(upstream:track)%00%(upstream:remotename)%00%(upstream:remoteref) refs/heads/master refs/remotes/master [4ms]
2024-05-30 12:46:58.574 [info] > git status -z -uall [2ms]
2024-05-30 12:47:18.786 [info] > git show --textconv :src/app/app.module.ts [12ms]
2024-05-30 12:47:18.789 [info] > git ls-files --stage -- /home/swap/Desktop/employee-management/employee-management-frontend/src/app/app.module.ts [4ms]
2024-05-30 12:47:18.798 [info] > git cat-file -s b1c6c96a9de8f091f39b3b8feb7e29cfcfb1ed81 [2ms]
2024-05-30 12:47:24.448 [info] > git show --textconv :src/app/app.component.ts [33ms]
2024-05-30 12:47:24.483 [info] > git ls-files --stage -- /home/swap/Desktop/employee-management/employee-management-frontend/src/app/app.component.ts [33ms]
2024-05-30 12:47:24.514 [info] > git cat-file -s 6494929b066a71854bd0de85bdfefff3f90b6596 [4ms]
