2024-05-30 17:22:46.385 [info] Reading sessions from keychain...
2024-05-30 17:22:46.402 [info] Getting sessions for all scopes...
2024-05-30 17:22:48.262 [info] Got 0 sessions for ...
2024-05-30 17:22:48.296 [info] Getting sessions for read:user,repo,user:email,workflow...
2024-05-30 17:22:48.297 [info] Got 0 sessions for read:user,repo,user:email,workflow...
2024-05-30 17:22:51.286 [info] Getting sessions for read:user...
2024-05-30 17:22:51.286 [info] Got 0 sessions for read:user...
2024-05-30 17:22:51.363 [info] Getting sessions for user:email...
2024-05-30 17:22:51.363 [info] Got 0 sessions for user:email...
2024-05-30 17:22:51.996 [info] Getting sessions for all scopes...
2024-05-30 17:22:51.996 [info] Got 0 sessions for ...
2024-05-30 17:22:56.382 [info] Getting sessions for read:user,repo,user:email,workflow...
2024-05-30 17:22:56.382 [info] Got 0 sessions for read:user,repo,user:email,workflow...
2024-05-30 17:22:56.386 [info] Getting sessions for read:user...
2024-05-30 17:22:56.387 [info] Got 0 sessions for read:user...
2024-05-30 17:22:56.390 [info] Getting sessions for user:email...
2024-05-30 17:22:56.390 [info] Got 0 sessions for user:email...
2024-05-30 17:22:56.444 [info] Getting sessions for read:user,repo,user:email,workflow...
2024-05-30 17:22:56.444 [info] Got 0 sessions for read:user,repo,user:email,workflow...
2024-05-30 17:22:56.467 [info] Getting sessions for read:user...
2024-05-30 17:22:56.467 [info] Got 0 sessions for read:user...
2024-05-30 17:22:56.473 [info] Getting sessions for user:email...
2024-05-30 17:22:56.473 [info] Got 0 sessions for user:email...
2024-05-30 17:51:15.149 [info] Getting sessions for read:user,repo,user:email,workflow...
2024-05-30 17:51:15.149 [info] Got 0 sessions for read:user,repo,user:email,workflow...
