2024-05-30 12:10:40.491 [info] git rev-parse --absolute-git-dir
2024-05-30 12:10:40.506 [info] git rev-parse --absolute-git-dir
2024-05-30 12:10:40.521 [error] Error: Command failed: git rev-parse --absolute-git-dir
fatal: not a git repository (or any of the parent directories): .git

    at ChildProcess.exithandler (node:child_process:423:12)
    at ChildProcess.emit (node:events:517:28)
    at maybeClose (node:internal/child_process:1098:16)
    at Socket.<anonymous> (node:internal/child_process:450:11)
    at Socket.emit (node:events:517:28)
    at Pipe.<anonymous> (node:net:350:12)
2024-05-30 12:10:40.523 [error] Error: Command failed: git rev-parse --absolute-git-dir
fatal: not a git repository (or any of the parent directories): .git

    at ChildProcess.exithandler (node:child_process:423:12)
    at ChildProcess.emit (node:events:517:28)
    at maybeClose (node:internal/child_process:1098:16)
    at Socket.<anonymous> (node:internal/child_process:450:11)
    at Socket.emit (node:events:517:28)
    at Pipe.<anonymous> (node:net:350:12)
2024-05-30 12:10:40.523 [info] Will not blame '/home/swap/Desktop/employee-management/server/db.js'. Not in a git repository.
2024-05-30 12:11:42.178 [info] git rev-parse --absolute-git-dir
2024-05-30 12:11:42.193 [info] git rev-parse --absolute-git-dir
2024-05-30 12:11:42.218 [error] Error: Command failed: git rev-parse --absolute-git-dir
fatal: not a git repository (or any of the parent directories): .git

    at ChildProcess.exithandler (node:child_process:423:12)
    at ChildProcess.emit (node:events:517:28)
    at maybeClose (node:internal/child_process:1098:16)
    at Socket.<anonymous> (node:internal/child_process:450:11)
    at Socket.emit (node:events:517:28)
    at Pipe.<anonymous> (node:net:350:12)
2024-05-30 12:11:42.224 [error] Error: Command failed: git rev-parse --absolute-git-dir
fatal: not a git repository (or any of the parent directories): .git

    at ChildProcess.exithandler (node:child_process:423:12)
    at ChildProcess.emit (node:events:517:28)
    at maybeClose (node:internal/child_process:1098:16)
    at Socket.<anonymous> (node:internal/child_process:450:11)
    at Socket.emit (node:events:517:28)
    at Pipe.<anonymous> (node:net:350:12)
2024-05-30 12:11:42.224 [info] Will not blame '/home/swap/Desktop/employee-management/server/employeeController.js'. Not in a git repository.
2024-05-30 12:11:51.968 [info] git rev-parse --absolute-git-dir
2024-05-30 12:11:51.986 [info] git rev-parse --absolute-git-dir
2024-05-30 12:11:52.025 [error] Error: Command failed: git rev-parse --absolute-git-dir
fatal: not a git repository (or any of the parent directories): .git

    at ChildProcess.exithandler (node:child_process:423:12)
    at ChildProcess.emit (node:events:517:28)
    at maybeClose (node:internal/child_process:1098:16)
    at Socket.<anonymous> (node:internal/child_process:450:11)
    at Socket.emit (node:events:517:28)
    at Pipe.<anonymous> (node:net:350:12)
2024-05-30 12:11:52.037 [error] Error: Command failed: git rev-parse --absolute-git-dir
fatal: not a git repository (or any of the parent directories): .git

    at ChildProcess.exithandler (node:child_process:423:12)
    at ChildProcess.emit (node:events:517:28)
    at maybeClose (node:internal/child_process:1098:16)
    at Socket.<anonymous> (node:internal/child_process:450:11)
    at Socket.emit (node:events:517:28)
    at Pipe.<anonymous> (node:net:350:12)
2024-05-30 12:11:52.037 [info] Will not blame '/home/swap/Desktop/employee-management/server/routes/employeeRoutes.js'. Not in a git repository.
2024-05-30 12:11:58.153 [info] git rev-parse --absolute-git-dir
2024-05-30 12:11:58.168 [info] git rev-parse --absolute-git-dir
2024-05-30 12:11:58.209 [error] Error: Command failed: git rev-parse --absolute-git-dir
fatal: not a git repository (or any of the parent directories): .git

    at ChildProcess.exithandler (node:child_process:423:12)
    at ChildProcess.emit (node:events:517:28)
    at maybeClose (node:internal/child_process:1098:16)
    at Socket.<anonymous> (node:internal/child_process:450:11)
    at Socket.emit (node:events:517:28)
    at Pipe.<anonymous> (node:net:350:12)
2024-05-30 12:11:58.209 [info] Will not blame '/home/swap/Desktop/employee-management/server/server.js'. Not in a git repository.
2024-05-30 12:11:58.210 [error] Error: Command failed: git rev-parse --absolute-git-dir
fatal: not a git repository (or any of the parent directories): .git

    at ChildProcess.exithandler (node:child_process:423:12)
    at ChildProcess.emit (node:events:517:28)
    at maybeClose (node:internal/child_process:1098:16)
    at Socket.<anonymous> (node:internal/child_process:450:11)
    at Socket.emit (node:events:517:28)
    at Pipe.<anonymous> (node:net:350:12)
2024-05-30 12:23:48.451 [info] git rev-parse --absolute-git-dir
2024-05-30 12:23:48.469 [info] git rev-parse --absolute-git-dir
2024-05-30 12:23:48.516 [info] git blame -C --incremental -- /home/swap/Desktop/employee-management/employee-management-frontend/angular.json
2024-05-30 12:23:48.537 [info] Blamed "/home/swap/Desktop/employee-management/employee-management-frontend/angular.json"
2024-05-30 12:24:03.515 [info] git rev-parse --absolute-git-dir
2024-05-30 12:24:03.554 [info] git blame -C --incremental -- /home/swap/Desktop/employee-management/employee-management-frontend/angular.json
2024-05-30 12:24:03.567 [info] Blamed "/home/swap/Desktop/employee-management/employee-management-frontend/angular.json"
2024-05-30 12:24:03.741 [info] git rev-parse --absolute-git-dir
2024-05-30 12:24:03.761 [info] git blame -C --incremental -- /home/swap/Desktop/employee-management/employee-management-frontend/angular.json
2024-05-30 12:24:03.772 [info] Blamed "/home/swap/Desktop/employee-management/employee-management-frontend/angular.json"
2024-05-30 12:24:03.894 [info] git rev-parse --absolute-git-dir
2024-05-30 12:24:03.920 [info] git blame -C --incremental -- /home/swap/Desktop/employee-management/employee-management-frontend/angular.json
2024-05-30 12:24:03.927 [info] Blamed "/home/swap/Desktop/employee-management/employee-management-frontend/angular.json"
2024-05-30 12:24:04.086 [info] git rev-parse --absolute-git-dir
2024-05-30 12:24:04.108 [info] git blame -C --incremental -- /home/swap/Desktop/employee-management/employee-management-frontend/angular.json
2024-05-30 12:24:04.113 [info] Blamed "/home/swap/Desktop/employee-management/employee-management-frontend/angular.json"
2024-05-30 12:24:04.280 [info] git rev-parse --absolute-git-dir
2024-05-30 12:24:04.311 [info] git blame -C --incremental -- /home/swap/Desktop/employee-management/employee-management-frontend/angular.json
2024-05-30 12:24:04.326 [info] Blamed "/home/swap/Desktop/employee-management/employee-management-frontend/angular.json"
2024-05-30 12:24:04.414 [info] git rev-parse --absolute-git-dir
2024-05-30 12:24:04.428 [info] git blame -C --incremental -- /home/swap/Desktop/employee-management/employee-management-frontend/angular.json
2024-05-30 12:24:04.434 [info] Blamed "/home/swap/Desktop/employee-management/employee-management-frontend/angular.json"
2024-05-30 12:28:32.230 [info] git rev-parse --absolute-git-dir
2024-05-30 12:28:32.267 [info] git rev-parse --absolute-git-dir
2024-05-30 12:28:32.358 [info] git blame -C --incremental -- /home/swap/Desktop/employee-management/employee-management-frontend/src/app/services/employee.service.ts
2024-05-30 12:28:32.369 [info] Blamed "/home/swap/Desktop/employee-management/employee-management-frontend/src/app/services/employee.service.ts"
2024-05-30 12:28:51.861 [info] git rev-parse --absolute-git-dir
2024-05-30 12:28:52.273 [info] git blame -C --incremental -- /home/swap/Desktop/employee-management/employee-management-frontend/src/app/services/employee.service.ts
2024-05-30 12:28:52.296 [info] Blamed "/home/swap/Desktop/employee-management/employee-management-frontend/src/app/services/employee.service.ts"
2024-05-30 12:31:04.232 [info] git rev-parse --absolute-git-dir
2024-05-30 12:31:04.245 [info] git rev-parse --absolute-git-dir
2024-05-30 12:31:04.277 [info] git blame -C --incremental -- /home/swap/Desktop/employee-management/employee-management-frontend/src/app/services/employee.model.ts
2024-05-30 12:31:04.284 [info] Blamed "/home/swap/Desktop/employee-management/employee-management-frontend/src/app/services/employee.model.ts"
2024-05-30 12:31:07.647 [info] git rev-parse --absolute-git-dir
2024-05-30 12:31:07.661 [info] git blame -C --incremental -- /home/swap/Desktop/employee-management/employee-management-frontend/src/app/services/employee.model.ts
2024-05-30 12:31:07.666 [info] Blamed "/home/swap/Desktop/employee-management/employee-management-frontend/src/app/services/employee.model.ts"
2024-05-30 12:32:01.454 [info] git rev-parse --absolute-git-dir
2024-05-30 12:32:01.471 [info] git blame -C --incremental -- /home/swap/Desktop/employee-management/employee-management-frontend/src/app/services/employee.service.ts
2024-05-30 12:32:01.473 [info] Blamed "/home/swap/Desktop/employee-management/employee-management-frontend/src/app/services/employee.service.ts"
2024-05-30 12:32:05.201 [info] git rev-parse --absolute-git-dir
2024-05-30 12:32:05.215 [info] git blame -C --incremental -- /home/swap/Desktop/employee-management/employee-management-frontend/src/app/services/employee.model.ts
2024-05-30 12:32:05.218 [info] Blamed "/home/swap/Desktop/employee-management/employee-management-frontend/src/app/services/employee.model.ts"
2024-05-30 12:32:05.411 [info] git rev-parse --absolute-git-dir
2024-05-30 12:32:05.421 [info] git blame -C --incremental -- /home/swap/Desktop/employee-management/employee-management-frontend/src/app/services/employee.model.ts
2024-05-30 12:32:05.423 [info] Blamed "/home/swap/Desktop/employee-management/employee-management-frontend/src/app/services/employee.model.ts"
2024-05-30 12:32:05.585 [info] git rev-parse --absolute-git-dir
2024-05-30 12:32:05.595 [info] git blame -C --incremental -- /home/swap/Desktop/employee-management/employee-management-frontend/src/app/services/employee.model.ts
2024-05-30 12:32:05.598 [info] Blamed "/home/swap/Desktop/employee-management/employee-management-frontend/src/app/services/employee.model.ts"
2024-05-30 12:32:05.752 [info] git rev-parse --absolute-git-dir
2024-05-30 12:32:05.764 [info] git blame -C --incremental -- /home/swap/Desktop/employee-management/employee-management-frontend/src/app/services/employee.model.ts
2024-05-30 12:32:05.767 [info] Blamed "/home/swap/Desktop/employee-management/employee-management-frontend/src/app/services/employee.model.ts"
2024-05-30 12:32:51.806 [info] git rev-parse --absolute-git-dir
2024-05-30 12:32:51.814 [info] git rev-parse --absolute-git-dir
2024-05-30 12:32:51.833 [info] git blame -C --incremental -- /home/swap/Desktop/employee-management/employee-management-frontend/src/app/components/employee-list/employee-list.component.ts
2024-05-30 12:32:51.843 [info] Blamed "/home/swap/Desktop/employee-management/employee-management-frontend/src/app/components/employee-list/employee-list.component.ts"
2024-05-30 12:32:56.029 [info] git rev-parse --absolute-git-dir
2024-05-30 12:32:56.044 [info] git blame -C --incremental -- /home/swap/Desktop/employee-management/employee-management-frontend/src/app/components/employee-list/employee-list.component.ts
2024-05-30 12:32:56.052 [info] Blamed "/home/swap/Desktop/employee-management/employee-management-frontend/src/app/components/employee-list/employee-list.component.ts"
2024-05-30 12:32:56.915 [info] git rev-parse --absolute-git-dir
2024-05-30 12:32:56.928 [info] git blame -C --incremental -- /home/swap/Desktop/employee-management/employee-management-frontend/src/app/components/employee-list/employee-list.component.ts
2024-05-30 12:32:56.930 [info] Blamed "/home/swap/Desktop/employee-management/employee-management-frontend/src/app/components/employee-list/employee-list.component.ts"
2024-05-30 12:32:57.129 [info] git rev-parse --absolute-git-dir
2024-05-30 12:32:57.138 [info] git blame -C --incremental -- /home/swap/Desktop/employee-management/employee-management-frontend/src/app/components/employee-list/employee-list.component.ts
2024-05-30 12:32:57.139 [info] Blamed "/home/swap/Desktop/employee-management/employee-management-frontend/src/app/components/employee-list/employee-list.component.ts"
2024-05-30 12:32:57.306 [info] git rev-parse --absolute-git-dir
2024-05-30 12:32:57.315 [info] git blame -C --incremental -- /home/swap/Desktop/employee-management/employee-management-frontend/src/app/components/employee-list/employee-list.component.ts
2024-05-30 12:32:57.320 [info] Blamed "/home/swap/Desktop/employee-management/employee-management-frontend/src/app/components/employee-list/employee-list.component.ts"
2024-05-30 12:33:42.497 [info] git rev-parse --absolute-git-dir
2024-05-30 12:33:42.518 [info] git blame -C --incremental -- /home/swap/Desktop/employee-management/employee-management-frontend/src/app/components/employee-list/employee-list.component.ts
2024-05-30 12:33:42.527 [info] Blamed "/home/swap/Desktop/employee-management/employee-management-frontend/src/app/components/employee-list/employee-list.component.ts"
2024-05-30 12:33:42.699 [info] git rev-parse --absolute-git-dir
2024-05-30 12:33:42.710 [info] git blame -C --incremental -- /home/swap/Desktop/employee-management/employee-management-frontend/src/app/components/employee-list/employee-list.component.ts
2024-05-30 12:33:42.712 [info] Blamed "/home/swap/Desktop/employee-management/employee-management-frontend/src/app/components/employee-list/employee-list.component.ts"
2024-05-30 12:33:42.880 [info] git rev-parse --absolute-git-dir
2024-05-30 12:33:42.892 [info] git blame -C --incremental -- /home/swap/Desktop/employee-management/employee-management-frontend/src/app/components/employee-list/employee-list.component.ts
2024-05-30 12:33:42.894 [info] Blamed "/home/swap/Desktop/employee-management/employee-management-frontend/src/app/components/employee-list/employee-list.component.ts"
2024-05-30 12:33:43.055 [info] git rev-parse --absolute-git-dir
2024-05-30 12:33:43.063 [info] git blame -C --incremental -- /home/swap/Desktop/employee-management/employee-management-frontend/src/app/components/employee-list/employee-list.component.ts
2024-05-30 12:33:43.065 [info] Blamed "/home/swap/Desktop/employee-management/employee-management-frontend/src/app/components/employee-list/employee-list.component.ts"
2024-05-30 12:33:43.241 [info] git rev-parse --absolute-git-dir
2024-05-30 12:33:43.249 [info] git blame -C --incremental -- /home/swap/Desktop/employee-management/employee-management-frontend/src/app/components/employee-list/employee-list.component.ts
2024-05-30 12:33:43.251 [info] Blamed "/home/swap/Desktop/employee-management/employee-management-frontend/src/app/components/employee-list/employee-list.component.ts"
2024-05-30 12:33:43.418 [info] git rev-parse --absolute-git-dir
2024-05-30 12:33:43.426 [info] git blame -C --incremental -- /home/swap/Desktop/employee-management/employee-management-frontend/src/app/components/employee-list/employee-list.component.ts
2024-05-30 12:33:43.428 [info] Blamed "/home/swap/Desktop/employee-management/employee-management-frontend/src/app/components/employee-list/employee-list.component.ts"
2024-05-30 12:33:43.752 [info] git rev-parse --absolute-git-dir
2024-05-30 12:33:43.857 [info] git blame -C --incremental -- /home/swap/Desktop/employee-management/employee-management-frontend/src/app/components/employee-list/employee-list.component.ts
2024-05-30 12:33:43.898 [info] Blamed "/home/swap/Desktop/employee-management/employee-management-frontend/src/app/components/employee-list/employee-list.component.ts"
2024-05-30 12:33:43.975 [info] git rev-parse --absolute-git-dir
2024-05-30 12:33:44.062 [info] git blame -C --incremental -- /home/swap/Desktop/employee-management/employee-management-frontend/src/app/components/employee-list/employee-list.component.ts
2024-05-30 12:33:44.109 [info] Blamed "/home/swap/Desktop/employee-management/employee-management-frontend/src/app/components/employee-list/employee-list.component.ts"
2024-05-30 12:33:55.664 [info] git rev-parse --absolute-git-dir
2024-05-30 12:33:55.758 [info] git blame -C --incremental -- /home/swap/Desktop/employee-management/employee-management-frontend/src/app/components/employee-list/employee-list.component.ts
2024-05-30 12:33:55.770 [info] Blamed "/home/swap/Desktop/employee-management/employee-management-frontend/src/app/components/employee-list/employee-list.component.ts"
2024-05-30 12:33:55.883 [info] git rev-parse --absolute-git-dir
2024-05-30 12:33:55.924 [info] git blame -C --incremental -- /home/swap/Desktop/employee-management/employee-management-frontend/src/app/components/employee-list/employee-list.component.ts
2024-05-30 12:33:55.929 [info] Blamed "/home/swap/Desktop/employee-management/employee-management-frontend/src/app/components/employee-list/employee-list.component.ts"
2024-05-30 12:34:23.011 [info] git rev-parse --absolute-git-dir
2024-05-30 12:34:23.035 [info] git blame -C --incremental -- /home/swap/Desktop/employee-management/employee-management-frontend/src/app/services/employee.service.ts
2024-05-30 12:34:23.038 [info] Blamed "/home/swap/Desktop/employee-management/employee-management-frontend/src/app/services/employee.service.ts"
2024-05-30 12:34:23.207 [info] git rev-parse --absolute-git-dir
2024-05-30 12:34:23.217 [info] git blame -C --incremental -- /home/swap/Desktop/employee-management/employee-management-frontend/src/app/services/employee.service.ts
2024-05-30 12:34:23.220 [info] Blamed "/home/swap/Desktop/employee-management/employee-management-frontend/src/app/services/employee.service.ts"
2024-05-30 12:34:23.388 [info] git rev-parse --absolute-git-dir
2024-05-30 12:34:23.400 [info] git blame -C --incremental -- /home/swap/Desktop/employee-management/employee-management-frontend/src/app/services/employee.service.ts
2024-05-30 12:34:23.405 [info] Blamed "/home/swap/Desktop/employee-management/employee-management-frontend/src/app/services/employee.service.ts"
2024-05-30 12:34:23.580 [info] git rev-parse --absolute-git-dir
2024-05-30 12:34:23.589 [info] git blame -C --incremental -- /home/swap/Desktop/employee-management/employee-management-frontend/src/app/services/employee.service.ts
2024-05-30 12:34:23.591 [info] Blamed "/home/swap/Desktop/employee-management/employee-management-frontend/src/app/services/employee.service.ts"
2024-05-30 12:34:23.717 [info] git rev-parse --absolute-git-dir
2024-05-30 12:34:23.726 [info] git blame -C --incremental -- /home/swap/Desktop/employee-management/employee-management-frontend/src/app/services/employee.service.ts
2024-05-30 12:34:23.728 [info] Blamed "/home/swap/Desktop/employee-management/employee-management-frontend/src/app/services/employee.service.ts"
2024-05-30 12:34:24.715 [info] git rev-parse --absolute-git-dir
2024-05-30 12:34:24.726 [info] git blame -C --incremental -- /home/swap/Desktop/employee-management/employee-management-frontend/src/app/services/employee.service.ts
2024-05-30 12:34:24.729 [info] Blamed "/home/swap/Desktop/employee-management/employee-management-frontend/src/app/services/employee.service.ts"
2024-05-30 12:34:27.824 [info] git rev-parse --absolute-git-dir
2024-05-30 12:34:27.836 [info] git blame -C --incremental -- /home/swap/Desktop/employee-management/employee-management-frontend/src/app/services/employee.model.ts
2024-05-30 12:34:27.839 [info] Blamed "/home/swap/Desktop/employee-management/employee-management-frontend/src/app/services/employee.model.ts"
2024-05-30 12:34:28.017 [info] git rev-parse --absolute-git-dir
2024-05-30 12:34:28.026 [info] git blame -C --incremental -- /home/swap/Desktop/employee-management/employee-management-frontend/src/app/services/employee.model.ts
2024-05-30 12:34:28.030 [info] Blamed "/home/swap/Desktop/employee-management/employee-management-frontend/src/app/services/employee.model.ts"
2024-05-30 12:34:28.206 [info] git rev-parse --absolute-git-dir
2024-05-30 12:34:28.217 [info] git blame -C --incremental -- /home/swap/Desktop/employee-management/employee-management-frontend/src/app/services/employee.model.ts
2024-05-30 12:34:28.218 [info] Blamed "/home/swap/Desktop/employee-management/employee-management-frontend/src/app/services/employee.model.ts"
2024-05-30 12:34:28.374 [info] git rev-parse --absolute-git-dir
2024-05-30 12:34:28.386 [info] git blame -C --incremental -- /home/swap/Desktop/employee-management/employee-management-frontend/src/app/services/employee.model.ts
2024-05-30 12:34:28.387 [info] Blamed "/home/swap/Desktop/employee-management/employee-management-frontend/src/app/services/employee.model.ts"
2024-05-30 12:34:30.515 [info] git rev-parse --absolute-git-dir
2024-05-30 12:34:30.526 [info] git blame -C --incremental -- /home/swap/Desktop/employee-management/employee-management-frontend/src/app/components/employee-list/employee-list.component.ts
2024-05-30 12:34:30.529 [info] Blamed "/home/swap/Desktop/employee-management/employee-management-frontend/src/app/components/employee-list/employee-list.component.ts"
2024-05-30 12:34:30.711 [info] git rev-parse --absolute-git-dir
2024-05-30 12:34:30.721 [info] git blame -C --incremental -- /home/swap/Desktop/employee-management/employee-management-frontend/src/app/components/employee-list/employee-list.component.ts
2024-05-30 12:34:30.725 [info] Blamed "/home/swap/Desktop/employee-management/employee-management-frontend/src/app/components/employee-list/employee-list.component.ts"
2024-05-30 12:34:30.890 [info] git rev-parse --absolute-git-dir
2024-05-30 12:34:30.903 [info] git blame -C --incremental -- /home/swap/Desktop/employee-management/employee-management-frontend/src/app/components/employee-list/employee-list.component.ts
2024-05-30 12:34:30.905 [info] Blamed "/home/swap/Desktop/employee-management/employee-management-frontend/src/app/components/employee-list/employee-list.component.ts"
2024-05-30 12:34:31.072 [info] git rev-parse --absolute-git-dir
2024-05-30 12:34:31.082 [info] git blame -C --incremental -- /home/swap/Desktop/employee-management/employee-management-frontend/src/app/components/employee-list/employee-list.component.ts
2024-05-30 12:34:31.087 [info] Blamed "/home/swap/Desktop/employee-management/employee-management-frontend/src/app/components/employee-list/employee-list.component.ts"
2024-05-30 12:34:56.476 [info] git rev-parse --absolute-git-dir
2024-05-30 12:34:56.490 [info] git rev-parse --absolute-git-dir
2024-05-30 12:34:56.524 [info] git blame -C --incremental -- /home/swap/Desktop/employee-management/employee-management-frontend/src/app/components/employee-create/employee-create.component.ts
2024-05-30 12:34:56.529 [info] Blamed "/home/swap/Desktop/employee-management/employee-management-frontend/src/app/components/employee-create/employee-create.component.ts"
2024-05-30 12:35:01.676 [info] git rev-parse --absolute-git-dir
2024-05-30 12:35:01.697 [info] git blame -C --incremental -- /home/swap/Desktop/employee-management/employee-management-frontend/src/app/components/employee-create/employee-create.component.ts
2024-05-30 12:35:01.728 [info] Blamed "/home/swap/Desktop/employee-management/employee-management-frontend/src/app/components/employee-create/employee-create.component.ts"
2024-05-30 12:35:01.867 [info] git rev-parse --absolute-git-dir
2024-05-30 12:35:01.882 [info] git blame -C --incremental -- /home/swap/Desktop/employee-management/employee-management-frontend/src/app/components/employee-create/employee-create.component.ts
2024-05-30 12:35:01.885 [info] Blamed "/home/swap/Desktop/employee-management/employee-management-frontend/src/app/components/employee-create/employee-create.component.ts"
2024-05-30 12:35:02.051 [info] git rev-parse --absolute-git-dir
2024-05-30 12:35:02.062 [info] git blame -C --incremental -- /home/swap/Desktop/employee-management/employee-management-frontend/src/app/components/employee-create/employee-create.component.ts
2024-05-30 12:35:02.064 [info] Blamed "/home/swap/Desktop/employee-management/employee-management-frontend/src/app/components/employee-create/employee-create.component.ts"
2024-05-30 12:35:02.231 [info] git rev-parse --absolute-git-dir
2024-05-30 12:35:02.241 [info] git blame -C --incremental -- /home/swap/Desktop/employee-management/employee-management-frontend/src/app/components/employee-create/employee-create.component.ts
2024-05-30 12:35:02.243 [info] Blamed "/home/swap/Desktop/employee-management/employee-management-frontend/src/app/components/employee-create/employee-create.component.ts"
2024-05-30 12:35:08.534 [info] git rev-parse --absolute-git-dir
2024-05-30 12:35:08.557 [info] git blame -C --incremental -- /home/swap/Desktop/employee-management/employee-management-frontend/src/app/components/employee-create/employee-create.component.ts
2024-05-30 12:35:08.573 [info] Blamed "/home/swap/Desktop/employee-management/employee-management-frontend/src/app/components/employee-create/employee-create.component.ts"
2024-05-30 12:35:22.173 [info] git rev-parse --absolute-git-dir
2024-05-30 12:35:22.188 [info] git blame -C --incremental -- /home/swap/Desktop/employee-management/employee-management-frontend/src/app/components/employee-create/employee-create.component.ts
2024-05-30 12:35:22.191 [info] Blamed "/home/swap/Desktop/employee-management/employee-management-frontend/src/app/components/employee-create/employee-create.component.ts"
2024-05-30 12:35:25.083 [info] git rev-parse --absolute-git-dir
2024-05-30 12:35:25.100 [info] git blame -C --incremental -- /home/swap/Desktop/employee-management/employee-management-frontend/src/app/components/employee-create/employee-create.component.ts
2024-05-30 12:35:25.104 [info] Blamed "/home/swap/Desktop/employee-management/employee-management-frontend/src/app/components/employee-create/employee-create.component.ts"
2024-05-30 12:35:40.318 [info] git rev-parse --absolute-git-dir
2024-05-30 12:35:40.339 [info] git blame -C --incremental -- /home/swap/Desktop/employee-management/employee-management-frontend/src/app/components/employee-create/employee-create.component.ts
2024-05-30 12:35:40.340 [info] Blamed "/home/swap/Desktop/employee-management/employee-management-frontend/src/app/components/employee-create/employee-create.component.ts"
2024-05-30 12:35:40.727 [info] git rev-parse --absolute-git-dir
2024-05-30 12:35:40.744 [info] git blame -C --incremental -- /home/swap/Desktop/employee-management/employee-management-frontend/src/app/components/employee-create/employee-create.component.ts
2024-05-30 12:35:40.755 [info] Blamed "/home/swap/Desktop/employee-management/employee-management-frontend/src/app/components/employee-create/employee-create.component.ts"
2024-05-30 12:35:40.804 [info] git rev-parse --absolute-git-dir
2024-05-30 12:35:40.818 [info] git blame -C --incremental -- /home/swap/Desktop/employee-management/employee-management-frontend/src/app/components/employee-create/employee-create.component.ts
2024-05-30 12:35:40.822 [info] Blamed "/home/swap/Desktop/employee-management/employee-management-frontend/src/app/components/employee-create/employee-create.component.ts"
2024-05-30 12:35:58.533 [info] git rev-parse --absolute-git-dir
2024-05-30 12:35:58.549 [info] git blame -C --incremental -- /home/swap/Desktop/employee-management/employee-management-frontend/src/app/components/employee-create/employee-create.component.ts
2024-05-30 12:35:58.552 [info] Blamed "/home/swap/Desktop/employee-management/employee-management-frontend/src/app/components/employee-create/employee-create.component.ts"
2024-05-30 12:35:58.735 [info] git rev-parse --absolute-git-dir
2024-05-30 12:35:58.746 [info] git blame -C --incremental -- /home/swap/Desktop/employee-management/employee-management-frontend/src/app/components/employee-create/employee-create.component.ts
2024-05-30 12:35:58.749 [info] Blamed "/home/swap/Desktop/employee-management/employee-management-frontend/src/app/components/employee-create/employee-create.component.ts"
2024-05-30 12:35:58.917 [info] git rev-parse --absolute-git-dir
2024-05-30 12:35:58.929 [info] git blame -C --incremental -- /home/swap/Desktop/employee-management/employee-management-frontend/src/app/components/employee-create/employee-create.component.ts
2024-05-30 12:35:58.942 [info] Blamed "/home/swap/Desktop/employee-management/employee-management-frontend/src/app/components/employee-create/employee-create.component.ts"
2024-05-30 12:35:59.085 [info] git rev-parse --absolute-git-dir
2024-05-30 12:35:59.096 [info] git blame -C --incremental -- /home/swap/Desktop/employee-management/employee-management-frontend/src/app/components/employee-create/employee-create.component.ts
2024-05-30 12:35:59.097 [info] Blamed "/home/swap/Desktop/employee-management/employee-management-frontend/src/app/components/employee-create/employee-create.component.ts"
2024-05-30 12:35:59.250 [info] git rev-parse --absolute-git-dir
2024-05-30 12:35:59.262 [info] git blame -C --incremental -- /home/swap/Desktop/employee-management/employee-management-frontend/src/app/components/employee-create/employee-create.component.ts
2024-05-30 12:35:59.265 [info] Blamed "/home/swap/Desktop/employee-management/employee-management-frontend/src/app/components/employee-create/employee-create.component.ts"
2024-05-30 12:35:59.430 [info] git rev-parse --absolute-git-dir
2024-05-30 12:35:59.440 [info] git blame -C --incremental -- /home/swap/Desktop/employee-management/employee-management-frontend/src/app/components/employee-create/employee-create.component.ts
2024-05-30 12:35:59.443 [info] Blamed "/home/swap/Desktop/employee-management/employee-management-frontend/src/app/components/employee-create/employee-create.component.ts"
2024-05-30 12:35:59.687 [info] git rev-parse --absolute-git-dir
2024-05-30 12:35:59.697 [info] git blame -C --incremental -- /home/swap/Desktop/employee-management/employee-management-frontend/src/app/components/employee-create/employee-create.component.ts
2024-05-30 12:35:59.705 [info] Blamed "/home/swap/Desktop/employee-management/employee-management-frontend/src/app/components/employee-create/employee-create.component.ts"
2024-05-30 12:35:59.949 [info] git rev-parse --absolute-git-dir
2024-05-30 12:35:59.964 [info] git blame -C --incremental -- /home/swap/Desktop/employee-management/employee-management-frontend/src/app/components/employee-create/employee-create.component.ts
2024-05-30 12:35:59.968 [info] Blamed "/home/swap/Desktop/employee-management/employee-management-frontend/src/app/components/employee-create/employee-create.component.ts"
2024-05-30 12:36:00.176 [info] git rev-parse --absolute-git-dir
2024-05-30 12:36:00.185 [info] git blame -C --incremental -- /home/swap/Desktop/employee-management/employee-management-frontend/src/app/components/employee-create/employee-create.component.ts
2024-05-30 12:36:00.187 [info] Blamed "/home/swap/Desktop/employee-management/employee-management-frontend/src/app/components/employee-create/employee-create.component.ts"
2024-05-30 12:36:00.426 [info] git rev-parse --absolute-git-dir
2024-05-30 12:36:00.438 [info] git blame -C --incremental -- /home/swap/Desktop/employee-management/employee-management-frontend/src/app/components/employee-create/employee-create.component.ts
2024-05-30 12:36:00.442 [info] Blamed "/home/swap/Desktop/employee-management/employee-management-frontend/src/app/components/employee-create/employee-create.component.ts"
2024-05-30 12:36:00.615 [info] git rev-parse --absolute-git-dir
2024-05-30 12:36:00.628 [info] git blame -C --incremental -- /home/swap/Desktop/employee-management/employee-management-frontend/src/app/components/employee-create/employee-create.component.ts
2024-05-30 12:36:00.628 [info] Blamed "/home/swap/Desktop/employee-management/employee-management-frontend/src/app/components/employee-create/employee-create.component.ts"
2024-05-30 12:36:24.820 [info] git rev-parse --absolute-git-dir
2024-05-30 12:36:24.834 [info] git blame -C --incremental -- /home/swap/Desktop/employee-management/employee-management-frontend/src/app/components/employee-create/employee-create.component.ts
2024-05-30 12:36:24.836 [info] Blamed "/home/swap/Desktop/employee-management/employee-management-frontend/src/app/components/employee-create/employee-create.component.ts"
2024-05-30 12:36:25.030 [info] git rev-parse --absolute-git-dir
2024-05-30 12:36:25.040 [info] git blame -C --incremental -- /home/swap/Desktop/employee-management/employee-management-frontend/src/app/components/employee-create/employee-create.component.ts
2024-05-30 12:36:25.042 [info] Blamed "/home/swap/Desktop/employee-management/employee-management-frontend/src/app/components/employee-create/employee-create.component.ts"
2024-05-30 12:36:25.216 [info] git rev-parse --absolute-git-dir
2024-05-30 12:36:25.226 [info] git blame -C --incremental -- /home/swap/Desktop/employee-management/employee-management-frontend/src/app/components/employee-create/employee-create.component.ts
2024-05-30 12:36:25.228 [info] Blamed "/home/swap/Desktop/employee-management/employee-management-frontend/src/app/components/employee-create/employee-create.component.ts"
2024-05-30 12:36:25.404 [info] git rev-parse --absolute-git-dir
2024-05-30 12:36:25.417 [info] git blame -C --incremental -- /home/swap/Desktop/employee-management/employee-management-frontend/src/app/components/employee-create/employee-create.component.ts
2024-05-30 12:36:25.419 [info] Blamed "/home/swap/Desktop/employee-management/employee-management-frontend/src/app/components/employee-create/employee-create.component.ts"
2024-05-30 12:36:25.588 [info] git rev-parse --absolute-git-dir
2024-05-30 12:36:25.601 [info] git blame -C --incremental -- /home/swap/Desktop/employee-management/employee-management-frontend/src/app/components/employee-create/employee-create.component.ts
2024-05-30 12:36:25.602 [info] Blamed "/home/swap/Desktop/employee-management/employee-management-frontend/src/app/components/employee-create/employee-create.component.ts"
2024-05-30 12:36:25.775 [info] git rev-parse --absolute-git-dir
2024-05-30 12:36:25.786 [info] git blame -C --incremental -- /home/swap/Desktop/employee-management/employee-management-frontend/src/app/components/employee-create/employee-create.component.ts
2024-05-30 12:36:25.789 [info] Blamed "/home/swap/Desktop/employee-management/employee-management-frontend/src/app/components/employee-create/employee-create.component.ts"
2024-05-30 12:37:04.005 [info] git rev-parse --absolute-git-dir
2024-05-30 12:37:04.015 [info] git rev-parse --absolute-git-dir
2024-05-30 12:37:04.045 [info] git blame -C --incremental -- /home/swap/Desktop/employee-management/employee-management-frontend/src/app/components/employee-edit/employee-edit.component.ts
2024-05-30 12:37:04.050 [info] Blamed "/home/swap/Desktop/employee-management/employee-management-frontend/src/app/components/employee-edit/employee-edit.component.ts"
2024-05-30 12:37:07.188 [info] git rev-parse --absolute-git-dir
2024-05-30 12:37:07.205 [info] git blame -C --incremental -- /home/swap/Desktop/employee-management/employee-management-frontend/src/app/components/employee-edit/employee-edit.component.ts
2024-05-30 12:37:07.217 [info] Blamed "/home/swap/Desktop/employee-management/employee-management-frontend/src/app/components/employee-edit/employee-edit.component.ts"
2024-05-30 12:37:16.476 [info] git rev-parse --absolute-git-dir
2024-05-30 12:37:16.731 [info] git blame -C --incremental -- /home/swap/Desktop/employee-management/employee-management-frontend/src/app/components/employee-edit/employee-edit.component.ts
2024-05-30 12:37:16.795 [info] Blamed "/home/swap/Desktop/employee-management/employee-management-frontend/src/app/components/employee-edit/employee-edit.component.ts"
2024-05-30 12:37:24.421 [info] git rev-parse --absolute-git-dir
2024-05-30 12:37:24.449 [info] git rev-parse --absolute-git-dir
2024-05-30 12:37:24.479 [info] git blame -C --incremental -- /home/swap/Desktop/employee-management/employee-management-frontend/src/app/components/dashboard/dashboard.component.ts
2024-05-30 12:37:24.486 [info] Blamed "/home/swap/Desktop/employee-management/employee-management-frontend/src/app/components/dashboard/dashboard.component.ts"
2024-05-30 12:37:25.981 [info] git rev-parse --absolute-git-dir
2024-05-30 12:37:26.009 [info] git blame -C --incremental -- /home/swap/Desktop/employee-management/employee-management-frontend/src/app/components/dashboard/dashboard.component.ts
2024-05-30 12:37:26.012 [info] Blamed "/home/swap/Desktop/employee-management/employee-management-frontend/src/app/components/dashboard/dashboard.component.ts"
2024-05-30 12:37:26.064 [info] git rev-parse --absolute-git-dir
2024-05-30 12:37:26.075 [info] git blame -C --incremental -- /home/swap/Desktop/employee-management/employee-management-frontend/src/app/components/dashboard/dashboard.component.ts
2024-05-30 12:37:26.078 [info] Blamed "/home/swap/Desktop/employee-management/employee-management-frontend/src/app/components/dashboard/dashboard.component.ts"
2024-05-30 12:37:26.209 [info] git rev-parse --absolute-git-dir
2024-05-30 12:37:26.217 [info] git blame -C --incremental -- /home/swap/Desktop/employee-management/employee-management-frontend/src/app/components/dashboard/dashboard.component.ts
2024-05-30 12:37:26.220 [info] Blamed "/home/swap/Desktop/employee-management/employee-management-frontend/src/app/components/dashboard/dashboard.component.ts"
2024-05-30 12:37:26.379 [info] git rev-parse --absolute-git-dir
2024-05-30 12:37:26.388 [info] git blame -C --incremental -- /home/swap/Desktop/employee-management/employee-management-frontend/src/app/components/dashboard/dashboard.component.ts
2024-05-30 12:37:26.391 [info] Blamed "/home/swap/Desktop/employee-management/employee-management-frontend/src/app/components/dashboard/dashboard.component.ts"
2024-05-30 12:37:26.566 [info] git rev-parse --absolute-git-dir
2024-05-30 12:37:26.579 [info] git blame -C --incremental -- /home/swap/Desktop/employee-management/employee-management-frontend/src/app/components/dashboard/dashboard.component.ts
2024-05-30 12:37:26.580 [info] Blamed "/home/swap/Desktop/employee-management/employee-management-frontend/src/app/components/dashboard/dashboard.component.ts"
2024-05-30 12:37:26.739 [info] git rev-parse --absolute-git-dir
2024-05-30 12:37:26.751 [info] git blame -C --incremental -- /home/swap/Desktop/employee-management/employee-management-frontend/src/app/components/dashboard/dashboard.component.ts
2024-05-30 12:37:26.754 [info] Blamed "/home/swap/Desktop/employee-management/employee-management-frontend/src/app/components/dashboard/dashboard.component.ts"
2024-05-30 12:37:34.724 [info] git rev-parse --absolute-git-dir
2024-05-30 12:37:34.747 [info] git blame -C --incremental -- /home/swap/Desktop/employee-management/employee-management-frontend/src/app/components/dashboard/dashboard.component.ts
2024-05-30 12:37:34.755 [info] Blamed "/home/swap/Desktop/employee-management/employee-management-frontend/src/app/components/dashboard/dashboard.component.ts"
2024-05-30 12:37:34.933 [info] git rev-parse --absolute-git-dir
2024-05-30 12:37:34.946 [info] git blame -C --incremental -- /home/swap/Desktop/employee-management/employee-management-frontend/src/app/components/dashboard/dashboard.component.ts
2024-05-30 12:37:34.948 [info] Blamed "/home/swap/Desktop/employee-management/employee-management-frontend/src/app/components/dashboard/dashboard.component.ts"
2024-05-30 12:37:35.120 [info] git rev-parse --absolute-git-dir
2024-05-30 12:37:35.132 [info] git blame -C --incremental -- /home/swap/Desktop/employee-management/employee-management-frontend/src/app/components/dashboard/dashboard.component.ts
2024-05-30 12:37:35.134 [info] Blamed "/home/swap/Desktop/employee-management/employee-management-frontend/src/app/components/dashboard/dashboard.component.ts"
2024-05-30 12:37:35.310 [info] git rev-parse --absolute-git-dir
2024-05-30 12:37:35.324 [info] git blame -C --incremental -- /home/swap/Desktop/employee-management/employee-management-frontend/src/app/components/dashboard/dashboard.component.ts
2024-05-30 12:37:35.328 [info] Blamed "/home/swap/Desktop/employee-management/employee-management-frontend/src/app/components/dashboard/dashboard.component.ts"
2024-05-30 12:37:35.475 [info] git rev-parse --absolute-git-dir
2024-05-30 12:37:35.485 [info] git blame -C --incremental -- /home/swap/Desktop/employee-management/employee-management-frontend/src/app/components/dashboard/dashboard.component.ts
2024-05-30 12:37:35.488 [info] Blamed "/home/swap/Desktop/employee-management/employee-management-frontend/src/app/components/dashboard/dashboard.component.ts"
2024-05-30 12:37:35.644 [info] git rev-parse --absolute-git-dir
2024-05-30 12:37:35.654 [info] git blame -C --incremental -- /home/swap/Desktop/employee-management/employee-management-frontend/src/app/components/dashboard/dashboard.component.ts
2024-05-30 12:37:35.656 [info] Blamed "/home/swap/Desktop/employee-management/employee-management-frontend/src/app/components/dashboard/dashboard.component.ts"
2024-05-30 12:37:35.825 [info] git rev-parse --absolute-git-dir
2024-05-30 12:37:35.839 [info] git blame -C --incremental -- /home/swap/Desktop/employee-management/employee-management-frontend/src/app/components/dashboard/dashboard.component.ts
2024-05-30 12:37:35.840 [info] Blamed "/home/swap/Desktop/employee-management/employee-management-frontend/src/app/components/dashboard/dashboard.component.ts"
2024-05-30 12:37:35.995 [info] git rev-parse --absolute-git-dir
2024-05-30 12:37:36.005 [info] git blame -C --incremental -- /home/swap/Desktop/employee-management/employee-management-frontend/src/app/components/dashboard/dashboard.component.ts
2024-05-30 12:37:36.007 [info] Blamed "/home/swap/Desktop/employee-management/employee-management-frontend/src/app/components/dashboard/dashboard.component.ts"
2024-05-30 12:37:37.247 [info] git rev-parse --absolute-git-dir
2024-05-30 12:37:37.262 [info] git blame -C --incremental -- /home/swap/Desktop/employee-management/employee-management-frontend/src/app/components/dashboard/dashboard.component.ts
2024-05-30 12:37:37.265 [info] Blamed "/home/swap/Desktop/employee-management/employee-management-frontend/src/app/components/dashboard/dashboard.component.ts"
2024-05-30 12:37:37.434 [info] git rev-parse --absolute-git-dir
2024-05-30 12:37:37.445 [info] git blame -C --incremental -- /home/swap/Desktop/employee-management/employee-management-frontend/src/app/components/dashboard/dashboard.component.ts
2024-05-30 12:37:37.448 [info] Blamed "/home/swap/Desktop/employee-management/employee-management-frontend/src/app/components/dashboard/dashboard.component.ts"
2024-05-30 12:37:38.995 [info] git rev-parse --absolute-git-dir
2024-05-30 12:37:39.009 [info] git blame -C --incremental -- /home/swap/Desktop/employee-management/employee-management-frontend/src/app/components/dashboard/dashboard.component.ts
2024-05-30 12:37:39.022 [info] Blamed "/home/swap/Desktop/employee-management/employee-management-frontend/src/app/components/dashboard/dashboard.component.ts"
2024-05-30 12:37:49.979 [info] git rev-parse --absolute-git-dir
2024-05-30 12:37:50.005 [info] git rev-parse --absolute-git-dir
2024-05-30 12:37:50.034 [info] git blame -C --incremental -- /home/swap/Desktop/employee-management/employee-management-frontend/src/app/app-routing.module.ts
2024-05-30 12:37:50.048 [info] Blamed "/home/swap/Desktop/employee-management/employee-management-frontend/src/app/app-routing.module.ts"
2024-05-30 12:37:51.470 [info] git rev-parse --absolute-git-dir
2024-05-30 12:37:51.491 [info] git blame -C --incremental -- /home/swap/Desktop/employee-management/employee-management-frontend/src/app/app-routing.module.ts
2024-05-30 12:37:51.493 [info] Blamed "/home/swap/Desktop/employee-management/employee-management-frontend/src/app/app-routing.module.ts"
2024-05-30 12:37:51.653 [info] git rev-parse --absolute-git-dir
2024-05-30 12:37:51.669 [info] git blame -C --incremental -- /home/swap/Desktop/employee-management/employee-management-frontend/src/app/app-routing.module.ts
2024-05-30 12:37:51.672 [info] Blamed "/home/swap/Desktop/employee-management/employee-management-frontend/src/app/app-routing.module.ts"
2024-05-30 12:37:51.840 [info] git rev-parse --absolute-git-dir
2024-05-30 12:37:51.851 [info] git blame -C --incremental -- /home/swap/Desktop/employee-management/employee-management-frontend/src/app/app-routing.module.ts
2024-05-30 12:37:51.855 [info] Blamed "/home/swap/Desktop/employee-management/employee-management-frontend/src/app/app-routing.module.ts"
2024-05-30 12:37:52.013 [info] git rev-parse --absolute-git-dir
2024-05-30 12:37:52.024 [info] git blame -C --incremental -- /home/swap/Desktop/employee-management/employee-management-frontend/src/app/app-routing.module.ts
2024-05-30 12:37:52.028 [info] Blamed "/home/swap/Desktop/employee-management/employee-management-frontend/src/app/app-routing.module.ts"
2024-05-30 12:37:52.178 [info] git rev-parse --absolute-git-dir
2024-05-30 12:37:52.188 [info] git blame -C --incremental -- /home/swap/Desktop/employee-management/employee-management-frontend/src/app/app-routing.module.ts
2024-05-30 12:37:52.192 [info] Blamed "/home/swap/Desktop/employee-management/employee-management-frontend/src/app/app-routing.module.ts"
2024-05-30 12:37:52.338 [info] git rev-parse --absolute-git-dir
2024-05-30 12:37:52.346 [info] git blame -C --incremental -- /home/swap/Desktop/employee-management/employee-management-frontend/src/app/app-routing.module.ts
2024-05-30 12:37:52.349 [info] Blamed "/home/swap/Desktop/employee-management/employee-management-frontend/src/app/app-routing.module.ts"
2024-05-30 12:37:52.513 [info] git rev-parse --absolute-git-dir
2024-05-30 12:37:52.522 [info] git blame -C --incremental -- /home/swap/Desktop/employee-management/employee-management-frontend/src/app/app-routing.module.ts
2024-05-30 12:37:52.525 [info] Blamed "/home/swap/Desktop/employee-management/employee-management-frontend/src/app/app-routing.module.ts"
2024-05-30 12:37:52.680 [info] git rev-parse --absolute-git-dir
2024-05-30 12:37:52.694 [info] git blame -C --incremental -- /home/swap/Desktop/employee-management/employee-management-frontend/src/app/app-routing.module.ts
2024-05-30 12:37:52.698 [info] Blamed "/home/swap/Desktop/employee-management/employee-management-frontend/src/app/app-routing.module.ts"
2024-05-30 12:37:52.857 [info] git rev-parse --absolute-git-dir
2024-05-30 12:37:52.870 [info] git blame -C --incremental -- /home/swap/Desktop/employee-management/employee-management-frontend/src/app/app-routing.module.ts
2024-05-30 12:37:52.875 [info] Blamed "/home/swap/Desktop/employee-management/employee-management-frontend/src/app/app-routing.module.ts"
2024-05-30 12:37:53.036 [info] git rev-parse --absolute-git-dir
2024-05-30 12:37:53.045 [info] git blame -C --incremental -- /home/swap/Desktop/employee-management/employee-management-frontend/src/app/app-routing.module.ts
2024-05-30 12:37:53.054 [info] Blamed "/home/swap/Desktop/employee-management/employee-management-frontend/src/app/app-routing.module.ts"
2024-05-30 12:37:53.208 [info] git rev-parse --absolute-git-dir
2024-05-30 12:37:53.218 [info] git blame -C --incremental -- /home/swap/Desktop/employee-management/employee-management-frontend/src/app/app-routing.module.ts
2024-05-30 12:37:53.222 [info] Blamed "/home/swap/Desktop/employee-management/employee-management-frontend/src/app/app-routing.module.ts"
2024-05-30 12:37:53.385 [info] git rev-parse --absolute-git-dir
2024-05-30 12:37:53.400 [info] git blame -C --incremental -- /home/swap/Desktop/employee-management/employee-management-frontend/src/app/app-routing.module.ts
2024-05-30 12:37:53.405 [info] Blamed "/home/swap/Desktop/employee-management/employee-management-frontend/src/app/app-routing.module.ts"
2024-05-30 12:37:53.574 [info] git rev-parse --absolute-git-dir
2024-05-30 12:37:53.582 [info] git blame -C --incremental -- /home/swap/Desktop/employee-management/employee-management-frontend/src/app/app-routing.module.ts
2024-05-30 12:37:53.587 [info] Blamed "/home/swap/Desktop/employee-management/employee-management-frontend/src/app/app-routing.module.ts"
2024-05-30 12:37:53.745 [info] git rev-parse --absolute-git-dir
2024-05-30 12:37:53.757 [info] git blame -C --incremental -- /home/swap/Desktop/employee-management/employee-management-frontend/src/app/app-routing.module.ts
2024-05-30 12:37:53.759 [info] Blamed "/home/swap/Desktop/employee-management/employee-management-frontend/src/app/app-routing.module.ts"
2024-05-30 12:37:53.908 [info] git rev-parse --absolute-git-dir
2024-05-30 12:37:53.917 [info] git blame -C --incremental -- /home/swap/Desktop/employee-management/employee-management-frontend/src/app/app-routing.module.ts
2024-05-30 12:37:53.921 [info] Blamed "/home/swap/Desktop/employee-management/employee-management-frontend/src/app/app-routing.module.ts"
2024-05-30 12:37:55.935 [info] git rev-parse --absolute-git-dir
2024-05-30 12:37:55.990 [info] git blame -C --incremental -- /home/swap/Desktop/employee-management/employee-management-frontend/src/app/components/dashboard/dashboard.component.ts
2024-05-30 12:37:56.064 [info] Blamed "/home/swap/Desktop/employee-management/employee-management-frontend/src/app/components/dashboard/dashboard.component.ts"
2024-05-30 12:37:56.510 [info] git rev-parse --absolute-git-dir
2024-05-30 12:37:56.601 [info] git blame -C --incremental -- /home/swap/Desktop/employee-management/employee-management-frontend/src/app/components/dashboard/dashboard.component.ts
2024-05-30 12:37:56.624 [info] Blamed "/home/swap/Desktop/employee-management/employee-management-frontend/src/app/components/dashboard/dashboard.component.ts"
2024-05-30 12:38:10.489 [info] git rev-parse --absolute-git-dir
2024-05-30 12:38:10.501 [info] git rev-parse --absolute-git-dir
2024-05-30 12:38:10.552 [info] git blame -C --incremental -- /home/swap/Desktop/employee-management/employee-management-frontend/src/app/app.module.ts
2024-05-30 12:38:10.572 [info] Blamed "/home/swap/Desktop/employee-management/employee-management-frontend/src/app/app.module.ts"
2024-05-30 12:38:12.676 [info] git rev-parse --absolute-git-dir
2024-05-30 12:38:12.820 [info] git blame -C --incremental -- /home/swap/Desktop/employee-management/employee-management-frontend/src/app/app.module.ts
2024-05-30 12:38:12.940 [info] Blamed "/home/swap/Desktop/employee-management/employee-management-frontend/src/app/app.module.ts"
2024-05-30 12:38:13.781 [info] git rev-parse --absolute-git-dir
2024-05-30 12:38:13.795 [info] git blame -C --incremental -- /home/swap/Desktop/employee-management/employee-management-frontend/src/app/app.module.ts
2024-05-30 12:38:13.802 [info] Blamed "/home/swap/Desktop/employee-management/employee-management-frontend/src/app/app.module.ts"
2024-05-30 12:38:27.821 [info] git rev-parse --absolute-git-dir
2024-05-30 12:38:27.834 [info] git rev-parse --absolute-git-dir
2024-05-30 12:38:27.864 [info] git blame -C --incremental -- /home/swap/Desktop/employee-management/employee-management-frontend/src/app/app.component.html
2024-05-30 12:38:27.887 [info] Blamed "/home/swap/Desktop/employee-management/employee-management-frontend/src/app/app.component.html"
2024-05-30 12:38:31.534 [info] git rev-parse --absolute-git-dir
2024-05-30 12:38:31.551 [info] git blame -C --incremental -- /home/swap/Desktop/employee-management/employee-management-frontend/src/app/app.component.html
2024-05-30 12:38:31.561 [info] Blamed "/home/swap/Desktop/employee-management/employee-management-frontend/src/app/app.component.html"
2024-05-30 12:38:31.717 [info] git rev-parse --absolute-git-dir
2024-05-30 12:38:31.727 [info] git blame -C --incremental -- /home/swap/Desktop/employee-management/employee-management-frontend/src/app/app.component.html
2024-05-30 12:38:31.730 [info] Blamed "/home/swap/Desktop/employee-management/employee-management-frontend/src/app/app.component.html"
2024-05-30 12:38:31.908 [info] git rev-parse --absolute-git-dir
2024-05-30 12:38:31.918 [info] git blame -C --incremental -- /home/swap/Desktop/employee-management/employee-management-frontend/src/app/app.component.html
2024-05-30 12:38:31.925 [info] Blamed "/home/swap/Desktop/employee-management/employee-management-frontend/src/app/app.component.html"
2024-05-30 12:38:32.087 [info] git rev-parse --absolute-git-dir
2024-05-30 12:38:32.096 [info] git blame -C --incremental -- /home/swap/Desktop/employee-management/employee-management-frontend/src/app/app.component.html
2024-05-30 12:38:32.100 [info] Blamed "/home/swap/Desktop/employee-management/employee-management-frontend/src/app/app.component.html"
2024-05-30 12:38:32.254 [info] git rev-parse --absolute-git-dir
2024-05-30 12:38:32.263 [info] git blame -C --incremental -- /home/swap/Desktop/employee-management/employee-management-frontend/src/app/app.component.html
2024-05-30 12:38:32.267 [info] Blamed "/home/swap/Desktop/employee-management/employee-management-frontend/src/app/app.component.html"
2024-05-30 12:38:32.428 [info] git rev-parse --absolute-git-dir
2024-05-30 12:38:32.438 [info] git blame -C --incremental -- /home/swap/Desktop/employee-management/employee-management-frontend/src/app/app.component.html
2024-05-30 12:38:32.443 [info] Blamed "/home/swap/Desktop/employee-management/employee-management-frontend/src/app/app.component.html"
2024-05-30 12:38:41.572 [info] git rev-parse --absolute-git-dir
2024-05-30 12:38:41.587 [info] git rev-parse --absolute-git-dir
2024-05-30 12:38:41.605 [info] git blame -C --incremental -- /home/swap/Desktop/employee-management/employee-management-frontend/src/app/components/employee-list/employee-list.component.html
2024-05-30 12:38:41.609 [info] Blamed "/home/swap/Desktop/employee-management/employee-management-frontend/src/app/components/employee-list/employee-list.component.html"
2024-05-30 12:38:43.552 [info] git rev-parse --absolute-git-dir
2024-05-30 12:38:43.590 [info] git blame -C --incremental -- /home/swap/Desktop/employee-management/employee-management-frontend/src/app/components/employee-list/employee-list.component.html
2024-05-30 12:38:43.601 [info] Blamed "/home/swap/Desktop/employee-management/employee-management-frontend/src/app/components/employee-list/employee-list.component.html"
2024-05-30 12:38:43.757 [info] git rev-parse --absolute-git-dir
2024-05-30 12:38:43.772 [info] git blame -C --incremental -- /home/swap/Desktop/employee-management/employee-management-frontend/src/app/components/employee-list/employee-list.component.html
2024-05-30 12:38:43.777 [info] Blamed "/home/swap/Desktop/employee-management/employee-management-frontend/src/app/components/employee-list/employee-list.component.html"
2024-05-30 12:38:43.931 [info] git rev-parse --absolute-git-dir
2024-05-30 12:38:43.946 [info] git blame -C --incremental -- /home/swap/Desktop/employee-management/employee-management-frontend/src/app/components/employee-list/employee-list.component.html
2024-05-30 12:38:43.949 [info] Blamed "/home/swap/Desktop/employee-management/employee-management-frontend/src/app/components/employee-list/employee-list.component.html"
2024-05-30 12:38:44.111 [info] git rev-parse --absolute-git-dir
2024-05-30 12:38:44.121 [info] git blame -C --incremental -- /home/swap/Desktop/employee-management/employee-management-frontend/src/app/components/employee-list/employee-list.component.html
2024-05-30 12:38:44.123 [info] Blamed "/home/swap/Desktop/employee-management/employee-management-frontend/src/app/components/employee-list/employee-list.component.html"
2024-05-30 12:38:44.271 [info] git rev-parse --absolute-git-dir
2024-05-30 12:38:44.282 [info] git blame -C --incremental -- /home/swap/Desktop/employee-management/employee-management-frontend/src/app/components/employee-list/employee-list.component.html
2024-05-30 12:38:44.285 [info] Blamed "/home/swap/Desktop/employee-management/employee-management-frontend/src/app/components/employee-list/employee-list.component.html"
2024-05-30 12:38:54.446 [info] git rev-parse --absolute-git-dir
2024-05-30 12:38:54.464 [info] git blame -C --incremental -- /home/swap/Desktop/employee-management/employee-management-frontend/src/app/components/employee-list/employee-list.component.html
2024-05-30 12:38:54.471 [info] Blamed "/home/swap/Desktop/employee-management/employee-management-frontend/src/app/components/employee-list/employee-list.component.html"
2024-05-30 12:39:01.075 [info] git rev-parse --absolute-git-dir
2024-05-30 12:39:01.141 [info] git rev-parse --absolute-git-dir
2024-05-30 12:39:01.253 [info] git blame -C --incremental -- /home/swap/Desktop/employee-management/employee-management-frontend/src/app/components/employee-create/employee-create.component.css
2024-05-30 12:39:01.285 [info] Blamed "/home/swap/Desktop/employee-management/employee-management-frontend/src/app/components/employee-create/employee-create.component.css"
2024-05-30 12:39:02.605 [info] git rev-parse --absolute-git-dir
2024-05-30 12:39:02.625 [info] git rev-parse --absolute-git-dir
2024-05-30 12:39:02.647 [info] git blame -C --incremental -- /home/swap/Desktop/employee-management/employee-management-frontend/src/app/components/employee-create/employee-create.component.html
2024-05-30 12:39:02.651 [info] Blamed "/home/swap/Desktop/employee-management/employee-management-frontend/src/app/components/employee-create/employee-create.component.html"
2024-05-30 12:39:04.642 [info] git rev-parse --absolute-git-dir
2024-05-30 12:39:04.680 [info] git blame -C --incremental -- /home/swap/Desktop/employee-management/employee-management-frontend/src/app/components/employee-create/employee-create.component.html
2024-05-30 12:39:04.681 [info] Blamed "/home/swap/Desktop/employee-management/employee-management-frontend/src/app/components/employee-create/employee-create.component.html"
2024-05-30 12:39:04.828 [info] git rev-parse --absolute-git-dir
2024-05-30 12:39:04.840 [info] git blame -C --incremental -- /home/swap/Desktop/employee-management/employee-management-frontend/src/app/components/employee-create/employee-create.component.html
2024-05-30 12:39:04.844 [info] Blamed "/home/swap/Desktop/employee-management/employee-management-frontend/src/app/components/employee-create/employee-create.component.html"
2024-05-30 12:39:05.000 [info] git rev-parse --absolute-git-dir
2024-05-30 12:39:05.019 [info] git blame -C --incremental -- /home/swap/Desktop/employee-management/employee-management-frontend/src/app/components/employee-create/employee-create.component.html
2024-05-30 12:39:05.022 [info] Blamed "/home/swap/Desktop/employee-management/employee-management-frontend/src/app/components/employee-create/employee-create.component.html"
2024-05-30 12:39:05.168 [info] git rev-parse --absolute-git-dir
2024-05-30 12:39:05.177 [info] git blame -C --incremental -- /home/swap/Desktop/employee-management/employee-management-frontend/src/app/components/employee-create/employee-create.component.html
2024-05-30 12:39:05.180 [info] Blamed "/home/swap/Desktop/employee-management/employee-management-frontend/src/app/components/employee-create/employee-create.component.html"
2024-05-30 12:39:05.342 [info] git rev-parse --absolute-git-dir
2024-05-30 12:39:05.355 [info] git blame -C --incremental -- /home/swap/Desktop/employee-management/employee-management-frontend/src/app/components/employee-create/employee-create.component.html
2024-05-30 12:39:05.358 [info] Blamed "/home/swap/Desktop/employee-management/employee-management-frontend/src/app/components/employee-create/employee-create.component.html"
2024-05-30 12:39:05.527 [info] git rev-parse --absolute-git-dir
2024-05-30 12:39:05.539 [info] git blame -C --incremental -- /home/swap/Desktop/employee-management/employee-management-frontend/src/app/components/employee-create/employee-create.component.html
2024-05-30 12:39:05.541 [info] Blamed "/home/swap/Desktop/employee-management/employee-management-frontend/src/app/components/employee-create/employee-create.component.html"
2024-05-30 12:39:05.702 [info] git rev-parse --absolute-git-dir
2024-05-30 12:39:05.716 [info] git blame -C --incremental -- /home/swap/Desktop/employee-management/employee-management-frontend/src/app/components/employee-create/employee-create.component.html
2024-05-30 12:39:05.716 [info] Blamed "/home/swap/Desktop/employee-management/employee-management-frontend/src/app/components/employee-create/employee-create.component.html"
2024-05-30 12:39:05.877 [info] git rev-parse --absolute-git-dir
2024-05-30 12:39:05.888 [info] git blame -C --incremental -- /home/swap/Desktop/employee-management/employee-management-frontend/src/app/components/employee-create/employee-create.component.html
2024-05-30 12:39:05.890 [info] Blamed "/home/swap/Desktop/employee-management/employee-management-frontend/src/app/components/employee-create/employee-create.component.html"
2024-05-30 12:39:06.042 [info] git rev-parse --absolute-git-dir
2024-05-30 12:39:06.053 [info] git blame -C --incremental -- /home/swap/Desktop/employee-management/employee-management-frontend/src/app/components/employee-create/employee-create.component.html
2024-05-30 12:39:06.056 [info] Blamed "/home/swap/Desktop/employee-management/employee-management-frontend/src/app/components/employee-create/employee-create.component.html"
2024-05-30 12:39:06.221 [info] git rev-parse --absolute-git-dir
2024-05-30 12:39:06.231 [info] git blame -C --incremental -- /home/swap/Desktop/employee-management/employee-management-frontend/src/app/components/employee-create/employee-create.component.html
2024-05-30 12:39:06.233 [info] Blamed "/home/swap/Desktop/employee-management/employee-management-frontend/src/app/components/employee-create/employee-create.component.html"
2024-05-30 12:39:06.407 [info] git rev-parse --absolute-git-dir
2024-05-30 12:39:06.421 [info] git blame -C --incremental -- /home/swap/Desktop/employee-management/employee-management-frontend/src/app/components/employee-create/employee-create.component.html
2024-05-30 12:39:06.424 [info] Blamed "/home/swap/Desktop/employee-management/employee-management-frontend/src/app/components/employee-create/employee-create.component.html"
2024-05-30 12:39:06.577 [info] git rev-parse --absolute-git-dir
2024-05-30 12:39:06.587 [info] git blame -C --incremental -- /home/swap/Desktop/employee-management/employee-management-frontend/src/app/components/employee-create/employee-create.component.html
2024-05-30 12:39:06.589 [info] Blamed "/home/swap/Desktop/employee-management/employee-management-frontend/src/app/components/employee-create/employee-create.component.html"
2024-05-30 12:39:06.766 [info] git rev-parse --absolute-git-dir
2024-05-30 12:39:06.776 [info] git blame -C --incremental -- /home/swap/Desktop/employee-management/employee-management-frontend/src/app/components/employee-create/employee-create.component.html
2024-05-30 12:39:06.778 [info] Blamed "/home/swap/Desktop/employee-management/employee-management-frontend/src/app/components/employee-create/employee-create.component.html"
2024-05-30 12:39:06.933 [info] git rev-parse --absolute-git-dir
2024-05-30 12:39:06.942 [info] git blame -C --incremental -- /home/swap/Desktop/employee-management/employee-management-frontend/src/app/components/employee-create/employee-create.component.html
2024-05-30 12:39:06.944 [info] Blamed "/home/swap/Desktop/employee-management/employee-management-frontend/src/app/components/employee-create/employee-create.component.html"
2024-05-30 12:39:11.353 [info] git rev-parse --absolute-git-dir
2024-05-30 12:39:11.383 [info] git rev-parse --absolute-git-dir
2024-05-30 12:39:11.426 [info] git blame -C --incremental -- /home/swap/Desktop/employee-management/employee-management-frontend/src/app/components/employee-edit/employee-edit.component.html
2024-05-30 12:39:11.440 [info] Blamed "/home/swap/Desktop/employee-management/employee-management-frontend/src/app/components/employee-edit/employee-edit.component.html"
2024-05-30 12:39:12.956 [info] git rev-parse --absolute-git-dir
2024-05-30 12:39:12.973 [info] git blame -C --incremental -- /home/swap/Desktop/employee-management/employee-management-frontend/src/app/components/employee-edit/employee-edit.component.html
2024-05-30 12:39:12.978 [info] Blamed "/home/swap/Desktop/employee-management/employee-management-frontend/src/app/components/employee-edit/employee-edit.component.html"
2024-05-30 12:39:13.126 [info] git rev-parse --absolute-git-dir
2024-05-30 12:39:13.137 [info] git blame -C --incremental -- /home/swap/Desktop/employee-management/employee-management-frontend/src/app/components/employee-edit/employee-edit.component.html
2024-05-30 12:39:13.139 [info] Blamed "/home/swap/Desktop/employee-management/employee-management-frontend/src/app/components/employee-edit/employee-edit.component.html"
2024-05-30 12:39:13.290 [info] git rev-parse --absolute-git-dir
2024-05-30 12:39:13.300 [info] git blame -C --incremental -- /home/swap/Desktop/employee-management/employee-management-frontend/src/app/components/employee-edit/employee-edit.component.html
2024-05-30 12:39:13.303 [info] Blamed "/home/swap/Desktop/employee-management/employee-management-frontend/src/app/components/employee-edit/employee-edit.component.html"
2024-05-30 12:39:13.469 [info] git rev-parse --absolute-git-dir
2024-05-30 12:39:13.479 [info] git blame -C --incremental -- /home/swap/Desktop/employee-management/employee-management-frontend/src/app/components/employee-edit/employee-edit.component.html
2024-05-30 12:39:13.482 [info] Blamed "/home/swap/Desktop/employee-management/employee-management-frontend/src/app/components/employee-edit/employee-edit.component.html"
2024-05-30 12:39:13.649 [info] git rev-parse --absolute-git-dir
2024-05-30 12:39:13.660 [info] git blame -C --incremental -- /home/swap/Desktop/employee-management/employee-management-frontend/src/app/components/employee-edit/employee-edit.component.html
2024-05-30 12:39:13.663 [info] Blamed "/home/swap/Desktop/employee-management/employee-management-frontend/src/app/components/employee-edit/employee-edit.component.html"
2024-05-30 12:39:13.809 [info] git rev-parse --absolute-git-dir
2024-05-30 12:39:13.818 [info] git blame -C --incremental -- /home/swap/Desktop/employee-management/employee-management-frontend/src/app/components/employee-edit/employee-edit.component.html
2024-05-30 12:39:13.820 [info] Blamed "/home/swap/Desktop/employee-management/employee-management-frontend/src/app/components/employee-edit/employee-edit.component.html"
2024-05-30 12:39:13.989 [info] git rev-parse --absolute-git-dir
2024-05-30 12:39:13.999 [info] git blame -C --incremental -- /home/swap/Desktop/employee-management/employee-management-frontend/src/app/components/employee-edit/employee-edit.component.html
2024-05-30 12:39:14.001 [info] Blamed "/home/swap/Desktop/employee-management/employee-management-frontend/src/app/components/employee-edit/employee-edit.component.html"
2024-05-30 12:39:14.163 [info] git rev-parse --absolute-git-dir
2024-05-30 12:39:14.173 [info] git blame -C --incremental -- /home/swap/Desktop/employee-management/employee-management-frontend/src/app/components/employee-edit/employee-edit.component.html
2024-05-30 12:39:14.175 [info] Blamed "/home/swap/Desktop/employee-management/employee-management-frontend/src/app/components/employee-edit/employee-edit.component.html"
2024-05-30 12:39:37.646 [info] git rev-parse --absolute-git-dir
2024-05-30 12:39:37.660 [info] git rev-parse --absolute-git-dir
2024-05-30 12:39:37.691 [info] git blame -C --incremental -- /home/swap/Desktop/employee-management/employee-management-frontend/src/app/components/dashboard/dashboard.component.html
2024-05-30 12:39:37.701 [info] Blamed "/home/swap/Desktop/employee-management/employee-management-frontend/src/app/components/dashboard/dashboard.component.html"
2024-05-30 12:39:39.105 [info] git rev-parse --absolute-git-dir
2024-05-30 12:39:39.122 [info] git blame -C --incremental -- /home/swap/Desktop/employee-management/employee-management-frontend/src/app/components/dashboard/dashboard.component.html
2024-05-30 12:39:39.135 [info] Blamed "/home/swap/Desktop/employee-management/employee-management-frontend/src/app/components/dashboard/dashboard.component.html"
2024-05-30 12:39:39.334 [info] git rev-parse --absolute-git-dir
2024-05-30 12:39:39.381 [info] git blame -C --incremental -- /home/swap/Desktop/employee-management/employee-management-frontend/src/app/components/dashboard/dashboard.component.html
2024-05-30 12:39:39.396 [info] Blamed "/home/swap/Desktop/employee-management/employee-management-frontend/src/app/components/dashboard/dashboard.component.html"
2024-05-30 12:39:39.514 [info] git rev-parse --absolute-git-dir
2024-05-30 12:39:39.528 [info] git blame -C --incremental -- /home/swap/Desktop/employee-management/employee-management-frontend/src/app/components/dashboard/dashboard.component.html
2024-05-30 12:39:39.530 [info] Blamed "/home/swap/Desktop/employee-management/employee-management-frontend/src/app/components/dashboard/dashboard.component.html"
2024-05-30 12:39:39.648 [info] git rev-parse --absolute-git-dir
2024-05-30 12:39:39.663 [info] git blame -C --incremental -- /home/swap/Desktop/employee-management/employee-management-frontend/src/app/components/dashboard/dashboard.component.html
2024-05-30 12:39:39.665 [info] Blamed "/home/swap/Desktop/employee-management/employee-management-frontend/src/app/components/dashboard/dashboard.component.html"
2024-05-30 12:39:39.831 [info] git rev-parse --absolute-git-dir
2024-05-30 12:39:39.842 [info] git blame -C --incremental -- /home/swap/Desktop/employee-management/employee-management-frontend/src/app/components/dashboard/dashboard.component.html
2024-05-30 12:39:39.844 [info] Blamed "/home/swap/Desktop/employee-management/employee-management-frontend/src/app/components/dashboard/dashboard.component.html"
2024-05-30 12:39:40.003 [info] git rev-parse --absolute-git-dir
2024-05-30 12:39:40.013 [info] git blame -C --incremental -- /home/swap/Desktop/employee-management/employee-management-frontend/src/app/components/dashboard/dashboard.component.html
2024-05-30 12:39:40.015 [info] Blamed "/home/swap/Desktop/employee-management/employee-management-frontend/src/app/components/dashboard/dashboard.component.html"
2024-05-30 12:39:40.157 [info] git rev-parse --absolute-git-dir
2024-05-30 12:39:40.169 [info] git blame -C --incremental -- /home/swap/Desktop/employee-management/employee-management-frontend/src/app/components/dashboard/dashboard.component.html
2024-05-30 12:39:40.172 [info] Blamed "/home/swap/Desktop/employee-management/employee-management-frontend/src/app/components/dashboard/dashboard.component.html"
2024-05-30 12:39:40.313 [info] git rev-parse --absolute-git-dir
2024-05-30 12:39:40.323 [info] git blame -C --incremental -- /home/swap/Desktop/employee-management/employee-management-frontend/src/app/components/dashboard/dashboard.component.html
2024-05-30 12:39:40.324 [info] Blamed "/home/swap/Desktop/employee-management/employee-management-frontend/src/app/components/dashboard/dashboard.component.html"
2024-05-30 12:39:40.470 [info] git rev-parse --absolute-git-dir
2024-05-30 12:39:40.481 [info] git blame -C --incremental -- /home/swap/Desktop/employee-management/employee-management-frontend/src/app/components/dashboard/dashboard.component.html
2024-05-30 12:39:40.483 [info] Blamed "/home/swap/Desktop/employee-management/employee-management-frontend/src/app/components/dashboard/dashboard.component.html"
2024-05-30 12:39:40.639 [info] git rev-parse --absolute-git-dir
2024-05-30 12:39:40.651 [info] git blame -C --incremental -- /home/swap/Desktop/employee-management/employee-management-frontend/src/app/components/dashboard/dashboard.component.html
2024-05-30 12:39:40.655 [info] Blamed "/home/swap/Desktop/employee-management/employee-management-frontend/src/app/components/dashboard/dashboard.component.html"
2024-05-30 12:39:49.333 [info] git rev-parse --absolute-git-dir
2024-05-30 12:39:49.345 [info] git blame -C --incremental -- /home/swap/Desktop/employee-management/employee-management-frontend/src/app/components/employee-list/employee-list.component.html
2024-05-30 12:39:49.347 [info] Blamed "/home/swap/Desktop/employee-management/employee-management-frontend/src/app/components/employee-list/employee-list.component.html"
2024-05-30 12:39:49.521 [info] git rev-parse --absolute-git-dir
2024-05-30 12:39:49.532 [info] git blame -C --incremental -- /home/swap/Desktop/employee-management/employee-management-frontend/src/app/components/employee-list/employee-list.component.html
2024-05-30 12:39:49.534 [info] Blamed "/home/swap/Desktop/employee-management/employee-management-frontend/src/app/components/employee-list/employee-list.component.html"
2024-05-30 12:39:49.698 [info] git rev-parse --absolute-git-dir
2024-05-30 12:39:49.712 [info] git blame -C --incremental -- /home/swap/Desktop/employee-management/employee-management-frontend/src/app/components/employee-list/employee-list.component.html
2024-05-30 12:39:49.714 [info] Blamed "/home/swap/Desktop/employee-management/employee-management-frontend/src/app/components/employee-list/employee-list.component.html"
2024-05-30 12:39:49.879 [info] git rev-parse --absolute-git-dir
2024-05-30 12:39:49.892 [info] git blame -C --incremental -- /home/swap/Desktop/employee-management/employee-management-frontend/src/app/components/employee-list/employee-list.component.html
2024-05-30 12:39:49.895 [info] Blamed "/home/swap/Desktop/employee-management/employee-management-frontend/src/app/components/employee-list/employee-list.component.html"
2024-05-30 12:39:50.036 [info] git rev-parse --absolute-git-dir
2024-05-30 12:39:50.045 [info] git blame -C --incremental -- /home/swap/Desktop/employee-management/employee-management-frontend/src/app/components/employee-list/employee-list.component.html
2024-05-30 12:39:50.047 [info] Blamed "/home/swap/Desktop/employee-management/employee-management-frontend/src/app/components/employee-list/employee-list.component.html"
2024-05-30 12:39:50.202 [info] git rev-parse --absolute-git-dir
2024-05-30 12:39:50.212 [info] git blame -C --incremental -- /home/swap/Desktop/employee-management/employee-management-frontend/src/app/components/employee-list/employee-list.component.html
2024-05-30 12:39:50.213 [info] Blamed "/home/swap/Desktop/employee-management/employee-management-frontend/src/app/components/employee-list/employee-list.component.html"
2024-05-30 12:42:32.326 [info] git rev-parse --absolute-git-dir
2024-05-30 12:42:32.343 [info] git blame -C --incremental -- /home/swap/Desktop/employee-management/employee-management-frontend/src/app/components/employee-list/employee-list.component.html
2024-05-30 12:42:32.344 [info] Blamed "/home/swap/Desktop/employee-management/employee-management-frontend/src/app/components/employee-list/employee-list.component.html"
2024-05-30 12:42:32.551 [info] git rev-parse --absolute-git-dir
2024-05-30 12:42:32.578 [info] git blame -C --incremental -- /home/swap/Desktop/employee-management/employee-management-frontend/src/app/components/employee-list/employee-list.component.html
2024-05-30 12:42:32.590 [info] Blamed "/home/swap/Desktop/employee-management/employee-management-frontend/src/app/components/employee-list/employee-list.component.html"
2024-05-30 12:42:32.708 [info] git rev-parse --absolute-git-dir
2024-05-30 12:42:32.727 [info] git blame -C --incremental -- /home/swap/Desktop/employee-management/employee-management-frontend/src/app/components/employee-list/employee-list.component.html
2024-05-30 12:42:32.732 [info] Blamed "/home/swap/Desktop/employee-management/employee-management-frontend/src/app/components/employee-list/employee-list.component.html"
2024-05-30 12:42:32.883 [info] git rev-parse --absolute-git-dir
2024-05-30 12:42:32.902 [info] git blame -C --incremental -- /home/swap/Desktop/employee-management/employee-management-frontend/src/app/components/employee-list/employee-list.component.html
2024-05-30 12:42:32.907 [info] Blamed "/home/swap/Desktop/employee-management/employee-management-frontend/src/app/components/employee-list/employee-list.component.html"
2024-05-30 12:42:33.867 [info] git rev-parse --absolute-git-dir
2024-05-30 12:42:33.929 [info] git blame -C --incremental -- /home/swap/Desktop/employee-management/employee-management-frontend/src/app/components/employee-list/employee-list.component.html
2024-05-30 12:42:33.944 [info] Blamed "/home/swap/Desktop/employee-management/employee-management-frontend/src/app/components/employee-list/employee-list.component.html"
2024-05-30 12:42:35.486 [info] git rev-parse --absolute-git-dir
2024-05-30 12:42:35.534 [info] git blame -C --incremental -- /home/swap/Desktop/employee-management/employee-management-frontend/src/app/components/employee-create/employee-create.component.html
2024-05-30 12:42:35.573 [info] Blamed "/home/swap/Desktop/employee-management/employee-management-frontend/src/app/components/employee-create/employee-create.component.html"
2024-05-30 12:42:37.639 [info] git rev-parse --absolute-git-dir
2024-05-30 12:42:37.678 [info] git blame -C --incremental -- /home/swap/Desktop/employee-management/employee-management-frontend/src/app/components/employee-edit/employee-edit.component.html
2024-05-30 12:42:37.712 [info] Blamed "/home/swap/Desktop/employee-management/employee-management-frontend/src/app/components/employee-edit/employee-edit.component.html"
2024-05-30 12:44:19.201 [info] git rev-parse --absolute-git-dir
2024-05-30 12:44:19.255 [info] git blame -C --incremental -- /home/swap/Desktop/employee-management/employee-management-frontend/src/app/components/employee-list/employee-list.component.html
2024-05-30 12:44:19.310 [info] Blamed "/home/swap/Desktop/employee-management/employee-management-frontend/src/app/components/employee-list/employee-list.component.html"
2024-05-30 12:44:20.116 [info] git rev-parse --absolute-git-dir
2024-05-30 12:44:20.140 [info] git blame -C --incremental -- /home/swap/Desktop/employee-management/employee-management-frontend/src/app/components/employee-list/employee-list.component.html
2024-05-30 12:44:20.146 [info] Blamed "/home/swap/Desktop/employee-management/employee-management-frontend/src/app/components/employee-list/employee-list.component.html"
2024-05-30 12:44:21.003 [info] git rev-parse --absolute-git-dir
2024-05-30 12:44:21.050 [info] git blame -C --incremental -- /home/swap/Desktop/employee-management/employee-management-frontend/src/app/components/employee-list/employee-list.component.html
2024-05-30 12:44:21.065 [info] Blamed "/home/swap/Desktop/employee-management/employee-management-frontend/src/app/components/employee-list/employee-list.component.html"
2024-05-30 12:44:21.197 [info] git rev-parse --absolute-git-dir
2024-05-30 12:44:21.211 [info] git blame -C --incremental -- /home/swap/Desktop/employee-management/employee-management-frontend/src/app/components/employee-list/employee-list.component.html
2024-05-30 12:44:21.215 [info] Blamed "/home/swap/Desktop/employee-management/employee-management-frontend/src/app/components/employee-list/employee-list.component.html"
2024-05-30 12:44:21.548 [info] git rev-parse --absolute-git-dir
2024-05-30 12:44:21.600 [info] git blame -C --incremental -- /home/swap/Desktop/employee-management/employee-management-frontend/src/app/components/employee-list/employee-list.component.html
2024-05-30 12:44:21.652 [info] Blamed "/home/swap/Desktop/employee-management/employee-management-frontend/src/app/components/employee-list/employee-list.component.html"
2024-05-30 12:44:21.929 [info] git rev-parse --absolute-git-dir
2024-05-30 12:44:21.942 [info] git blame -C --incremental -- /home/swap/Desktop/employee-management/employee-management-frontend/src/app/components/employee-list/employee-list.component.html
2024-05-30 12:44:21.947 [info] Blamed "/home/swap/Desktop/employee-management/employee-management-frontend/src/app/components/employee-list/employee-list.component.html"
2024-05-30 12:44:22.038 [info] git rev-parse --absolute-git-dir
2024-05-30 12:44:22.069 [info] git blame -C --incremental -- /home/swap/Desktop/employee-management/employee-management-frontend/src/app/components/employee-list/employee-list.component.html
2024-05-30 12:44:22.072 [info] Blamed "/home/swap/Desktop/employee-management/employee-management-frontend/src/app/components/employee-list/employee-list.component.html"
2024-05-30 12:44:22.201 [info] git rev-parse --absolute-git-dir
2024-05-30 12:44:22.212 [info] git blame -C --incremental -- /home/swap/Desktop/employee-management/employee-management-frontend/src/app/components/employee-list/employee-list.component.html
2024-05-30 12:44:22.223 [info] Blamed "/home/swap/Desktop/employee-management/employee-management-frontend/src/app/components/employee-list/employee-list.component.html"
2024-05-30 12:44:22.377 [info] git rev-parse --absolute-git-dir
2024-05-30 12:44:22.391 [info] git blame -C --incremental -- /home/swap/Desktop/employee-management/employee-management-frontend/src/app/components/employee-list/employee-list.component.html
2024-05-30 12:44:22.393 [info] Blamed "/home/swap/Desktop/employee-management/employee-management-frontend/src/app/components/employee-list/employee-list.component.html"
2024-05-30 12:44:22.599 [info] git rev-parse --absolute-git-dir
2024-05-30 12:44:22.656 [info] git blame -C --incremental -- /home/swap/Desktop/employee-management/employee-management-frontend/src/app/components/employee-list/employee-list.component.html
2024-05-30 12:44:22.660 [info] Blamed "/home/swap/Desktop/employee-management/employee-management-frontend/src/app/components/employee-list/employee-list.component.html"
2024-05-30 12:45:15.524 [info] git rev-parse --absolute-git-dir
2024-05-30 12:45:15.594 [info] git blame -C --incremental -- /home/swap/Desktop/employee-management/employee-management-frontend/src/app/components/employee-create/employee-create.component.html
2024-05-30 12:45:15.676 [info] Blamed "/home/swap/Desktop/employee-management/employee-management-frontend/src/app/components/employee-create/employee-create.component.html"
2024-05-30 12:45:15.829 [info] git rev-parse --absolute-git-dir
2024-05-30 12:45:15.841 [info] git blame -C --incremental -- /home/swap/Desktop/employee-management/employee-management-frontend/src/app/components/employee-create/employee-create.component.html
2024-05-30 12:45:15.842 [info] Blamed "/home/swap/Desktop/employee-management/employee-management-frontend/src/app/components/employee-create/employee-create.component.html"
2024-05-30 12:45:15.898 [info] git rev-parse --absolute-git-dir
2024-05-30 12:45:15.909 [info] git blame -C --incremental -- /home/swap/Desktop/employee-management/employee-management-frontend/src/app/components/employee-create/employee-create.component.html
2024-05-30 12:45:15.914 [info] Blamed "/home/swap/Desktop/employee-management/employee-management-frontend/src/app/components/employee-create/employee-create.component.html"
2024-05-30 12:45:16.091 [info] git rev-parse --absolute-git-dir
2024-05-30 12:45:16.104 [info] git blame -C --incremental -- /home/swap/Desktop/employee-management/employee-management-frontend/src/app/components/employee-create/employee-create.component.html
2024-05-30 12:45:16.110 [info] Blamed "/home/swap/Desktop/employee-management/employee-management-frontend/src/app/components/employee-create/employee-create.component.html"
2024-05-30 12:45:16.315 [info] git rev-parse --absolute-git-dir
2024-05-30 12:45:16.326 [info] git blame -C --incremental -- /home/swap/Desktop/employee-management/employee-management-frontend/src/app/components/employee-create/employee-create.component.html
2024-05-30 12:45:16.329 [info] Blamed "/home/swap/Desktop/employee-management/employee-management-frontend/src/app/components/employee-create/employee-create.component.html"
2024-05-30 12:45:16.490 [info] git rev-parse --absolute-git-dir
2024-05-30 12:45:16.537 [info] git blame -C --incremental -- /home/swap/Desktop/employee-management/employee-management-frontend/src/app/components/employee-create/employee-create.component.html
2024-05-30 12:45:16.551 [info] Blamed "/home/swap/Desktop/employee-management/employee-management-frontend/src/app/components/employee-create/employee-create.component.html"
2024-05-30 12:45:16.825 [info] git rev-parse --absolute-git-dir
2024-05-30 12:45:16.853 [info] git blame -C --incremental -- /home/swap/Desktop/employee-management/employee-management-frontend/src/app/components/employee-create/employee-create.component.html
2024-05-30 12:45:16.857 [info] Blamed "/home/swap/Desktop/employee-management/employee-management-frontend/src/app/components/employee-create/employee-create.component.html"
2024-05-30 12:45:26.960 [info] git rev-parse --absolute-git-dir
2024-05-30 12:45:26.990 [info] git blame -C --incremental -- /home/swap/Desktop/employee-management/employee-management-frontend/src/app/components/employee-edit/employee-edit.component.html
2024-05-30 12:45:26.998 [info] Blamed "/home/swap/Desktop/employee-management/employee-management-frontend/src/app/components/employee-edit/employee-edit.component.html"
2024-05-30 12:45:27.144 [info] git rev-parse --absolute-git-dir
2024-05-30 12:45:27.160 [info] git blame -C --incremental -- /home/swap/Desktop/employee-management/employee-management-frontend/src/app/components/employee-edit/employee-edit.component.html
2024-05-30 12:45:27.162 [info] Blamed "/home/swap/Desktop/employee-management/employee-management-frontend/src/app/components/employee-edit/employee-edit.component.html"
2024-05-30 12:45:27.323 [info] git rev-parse --absolute-git-dir
2024-05-30 12:45:27.333 [info] git blame -C --incremental -- /home/swap/Desktop/employee-management/employee-management-frontend/src/app/components/employee-edit/employee-edit.component.html
2024-05-30 12:45:27.336 [info] Blamed "/home/swap/Desktop/employee-management/employee-management-frontend/src/app/components/employee-edit/employee-edit.component.html"
2024-05-30 12:45:27.513 [info] git rev-parse --absolute-git-dir
2024-05-30 12:45:27.533 [info] git blame -C --incremental -- /home/swap/Desktop/employee-management/employee-management-frontend/src/app/components/employee-edit/employee-edit.component.html
2024-05-30 12:45:27.536 [info] Blamed "/home/swap/Desktop/employee-management/employee-management-frontend/src/app/components/employee-edit/employee-edit.component.html"
2024-05-30 12:45:27.657 [info] git rev-parse --absolute-git-dir
2024-05-30 12:45:27.677 [info] git blame -C --incremental -- /home/swap/Desktop/employee-management/employee-management-frontend/src/app/components/employee-edit/employee-edit.component.html
2024-05-30 12:45:27.682 [info] Blamed "/home/swap/Desktop/employee-management/employee-management-frontend/src/app/components/employee-edit/employee-edit.component.html"
2024-05-30 12:45:27.843 [info] git rev-parse --absolute-git-dir
2024-05-30 12:45:27.860 [info] git blame -C --incremental -- /home/swap/Desktop/employee-management/employee-management-frontend/src/app/components/employee-edit/employee-edit.component.html
2024-05-30 12:45:27.866 [info] Blamed "/home/swap/Desktop/employee-management/employee-management-frontend/src/app/components/employee-edit/employee-edit.component.html"
2024-05-30 12:45:44.521 [info] git rev-parse --absolute-git-dir
2024-05-30 12:45:44.588 [info] git blame -C --incremental -- /home/swap/Desktop/employee-management/employee-management-frontend/src/app/components/employee-create/employee-create.component.html
2024-05-30 12:45:44.607 [info] Blamed "/home/swap/Desktop/employee-management/employee-management-frontend/src/app/components/employee-create/employee-create.component.html"
2024-05-30 12:45:44.709 [info] git rev-parse --absolute-git-dir
2024-05-30 12:45:44.804 [info] git blame -C --incremental -- /home/swap/Desktop/employee-management/employee-management-frontend/src/app/components/employee-create/employee-create.component.html
2024-05-30 12:45:44.834 [info] Blamed "/home/swap/Desktop/employee-management/employee-management-frontend/src/app/components/employee-create/employee-create.component.html"
2024-05-30 12:45:49.958 [info] git rev-parse --absolute-git-dir
2024-05-30 12:45:49.966 [info] git blame -C --incremental -- /home/swap/Desktop/employee-management/employee-management-frontend/src/app/components/employee-create/employee-create.component.html
2024-05-30 12:45:49.970 [info] Blamed "/home/swap/Desktop/employee-management/employee-management-frontend/src/app/components/employee-create/employee-create.component.html"
2024-05-30 12:45:55.563 [info] git rev-parse --absolute-git-dir
2024-05-30 12:45:55.597 [info] git blame -C --incremental -- /home/swap/Desktop/employee-management/employee-management-frontend/src/app/components/employee-create/employee-create.component.html
2024-05-30 12:45:55.631 [info] Blamed "/home/swap/Desktop/employee-management/employee-management-frontend/src/app/components/employee-create/employee-create.component.html"
2024-05-30 12:45:57.799 [info] git rev-parse --absolute-git-dir
2024-05-30 12:45:57.809 [info] git blame -C --incremental -- /home/swap/Desktop/employee-management/employee-management-frontend/src/app/components/employee-edit/employee-edit.component.html
2024-05-30 12:45:57.812 [info] Blamed "/home/swap/Desktop/employee-management/employee-management-frontend/src/app/components/employee-edit/employee-edit.component.html"
2024-05-30 12:45:58.184 [info] git rev-parse --absolute-git-dir
2024-05-30 12:45:58.388 [info] git blame -C --incremental -- /home/swap/Desktop/employee-management/employee-management-frontend/src/app/components/employee-edit/employee-edit.component.html
2024-05-30 12:45:58.445 [info] Blamed "/home/swap/Desktop/employee-management/employee-management-frontend/src/app/components/employee-edit/employee-edit.component.html"
2024-05-30 12:45:59.010 [info] git rev-parse --absolute-git-dir
2024-05-30 12:45:59.071 [info] git blame -C --incremental -- /home/swap/Desktop/employee-management/employee-management-frontend/src/app/components/employee-edit/employee-edit.component.html
2024-05-30 12:45:59.081 [info] Blamed "/home/swap/Desktop/employee-management/employee-management-frontend/src/app/components/employee-edit/employee-edit.component.html"
2024-05-30 12:46:08.918 [info] git rev-parse --absolute-git-dir
2024-05-30 12:46:08.947 [info] git blame -C --incremental -- /home/swap/Desktop/employee-management/employee-management-frontend/src/app/components/employee-create/employee-create.component.html
2024-05-30 12:46:08.951 [info] Blamed "/home/swap/Desktop/employee-management/employee-management-frontend/src/app/components/employee-create/employee-create.component.html"
2024-05-30 12:46:27.131 [info] git rev-parse --absolute-git-dir
2024-05-30 12:46:27.150 [info] git blame -C --incremental -- /home/swap/Desktop/employee-management/employee-management-frontend/src/app/components/employee-create/employee-create.component.html
2024-05-30 12:46:27.154 [info] Blamed "/home/swap/Desktop/employee-management/employee-management-frontend/src/app/components/employee-create/employee-create.component.html"
2024-05-30 12:46:27.347 [info] git rev-parse --absolute-git-dir
2024-05-30 12:46:27.362 [info] git blame -C --incremental -- /home/swap/Desktop/employee-management/employee-management-frontend/src/app/components/employee-create/employee-create.component.html
2024-05-30 12:46:27.368 [info] Blamed "/home/swap/Desktop/employee-management/employee-management-frontend/src/app/components/employee-create/employee-create.component.html"
2024-05-30 12:46:27.519 [info] git rev-parse --absolute-git-dir
2024-05-30 12:46:27.536 [info] git blame -C --incremental -- /home/swap/Desktop/employee-management/employee-management-frontend/src/app/components/employee-create/employee-create.component.html
2024-05-30 12:46:27.542 [info] Blamed "/home/swap/Desktop/employee-management/employee-management-frontend/src/app/components/employee-create/employee-create.component.html"
2024-05-30 12:46:50.644 [info] git rev-parse --absolute-git-dir
2024-05-30 12:46:50.698 [info] git blame -C --incremental -- /home/swap/Desktop/employee-management/employee-management-frontend/src/app/components/employee-create/employee-create.component.html
2024-05-30 12:46:50.711 [info] Blamed "/home/swap/Desktop/employee-management/employee-management-frontend/src/app/components/employee-create/employee-create.component.html"
2024-05-30 12:46:50.850 [info] git rev-parse --absolute-git-dir
2024-05-30 12:46:50.885 [info] git blame -C --incremental -- /home/swap/Desktop/employee-management/employee-management-frontend/src/app/components/employee-create/employee-create.component.html
2024-05-30 12:46:50.887 [info] Blamed "/home/swap/Desktop/employee-management/employee-management-frontend/src/app/components/employee-create/employee-create.component.html"
2024-05-30 12:46:51.053 [info] git rev-parse --absolute-git-dir
2024-05-30 12:46:51.067 [info] git blame -C --incremental -- /home/swap/Desktop/employee-management/employee-management-frontend/src/app/components/employee-create/employee-create.component.html
2024-05-30 12:46:51.070 [info] Blamed "/home/swap/Desktop/employee-management/employee-management-frontend/src/app/components/employee-create/employee-create.component.html"
2024-05-30 12:46:56.682 [info] git rev-parse --absolute-git-dir
2024-05-30 12:46:56.771 [info] git blame -C --incremental -- /home/swap/Desktop/employee-management/employee-management-frontend/src/app/components/employee-edit/employee-edit.component.html
2024-05-30 12:46:56.785 [info] Blamed "/home/swap/Desktop/employee-management/employee-management-frontend/src/app/components/employee-edit/employee-edit.component.html"
2024-05-30 12:46:56.938 [info] git rev-parse --absolute-git-dir
2024-05-30 12:46:56.955 [info] git blame -C --incremental -- /home/swap/Desktop/employee-management/employee-management-frontend/src/app/components/employee-edit/employee-edit.component.html
2024-05-30 12:46:56.967 [info] Blamed "/home/swap/Desktop/employee-management/employee-management-frontend/src/app/components/employee-edit/employee-edit.component.html"
2024-05-30 12:46:57.086 [info] git rev-parse --absolute-git-dir
2024-05-30 12:46:57.099 [info] git blame -C --incremental -- /home/swap/Desktop/employee-management/employee-management-frontend/src/app/components/employee-edit/employee-edit.component.html
2024-05-30 12:46:57.102 [info] Blamed "/home/swap/Desktop/employee-management/employee-management-frontend/src/app/components/employee-edit/employee-edit.component.html"
2024-05-30 12:46:57.181 [info] git rev-parse --absolute-git-dir
2024-05-30 12:46:57.200 [info] git blame -C --incremental -- /home/swap/Desktop/employee-management/employee-management-frontend/src/app/components/employee-edit/employee-edit.component.html
2024-05-30 12:46:57.213 [info] Blamed "/home/swap/Desktop/employee-management/employee-management-frontend/src/app/components/employee-edit/employee-edit.component.html"
2024-05-30 12:47:24.133 [info] git rev-parse --absolute-git-dir
2024-05-30 12:47:24.147 [info] git rev-parse --absolute-git-dir
2024-05-30 12:47:24.162 [info] git blame -C --incremental -- /home/swap/Desktop/employee-management/employee-management-frontend/src/app/app.component.ts
2024-05-30 12:47:24.168 [info] Blamed "/home/swap/Desktop/employee-management/employee-management-frontend/src/app/app.component.ts"
