2024-05-30 15:57:20.102 [info] Reading sessions from keychain...
2024-05-30 15:57:20.102 [info] Getting sessions for all scopes...
2024-05-30 15:57:20.102 [info] Got 0 sessions for ...
2024-05-30 15:57:20.102 [info] Getting sessions for read:user,repo,user:email,workflow...
2024-05-30 15:57:20.102 [info] Got 0 sessions for read:user,repo,user:email,workflow...
2024-05-30 15:57:20.102 [info] Getting sessions for read:user,repo,user:email,workflow...
2024-05-30 15:57:20.102 [info] Got 0 sessions for read:user,repo,user:email,workflow...
2024-05-30 15:57:20.250 [info] Getting sessions for read:user...
2024-05-30 15:57:20.250 [info] Got 0 sessions for read:user...
2024-05-30 15:57:20.250 [info] Getting sessions for read:user...
2024-05-30 15:57:20.251 [info] Got 0 sessions for read:user...
2024-05-30 15:57:20.378 [info] Getting sessions for user:email...
2024-05-30 15:57:20.378 [info] Got 0 sessions for user:email...
2024-05-30 15:57:20.424 [info] Getting sessions for user:email...
2024-05-30 15:57:20.424 [info] Got 0 sessions for user:email...
2024-05-30 15:57:20.850 [info] Getting sessions for read:user,repo,user:email,workflow...
2024-05-30 15:57:20.850 [info] Got 0 sessions for read:user,repo,user:email,workflow...
2024-05-30 15:57:21.166 [info] Getting sessions for read:user...
2024-05-30 15:57:21.166 [info] Got 0 sessions for read:user...
2024-05-30 15:57:21.248 [info] Getting sessions for user:email...
2024-05-30 15:57:21.248 [info] Got 0 sessions for user:email...
2024-05-30 15:57:21.322 [info] Getting sessions for all scopes...
2024-05-30 15:57:21.322 [info] Got 0 sessions for ...
